2023-03-31 12:56:57,314 [INFO] Activator:176 - 


2023-03-31 12:56:57,338 [INFO] Activator:177 - !SESSION log4j initialized
2023-03-31 12:57:49,445 [INFO] LogOutputStream:77 - [STDOUT_REDIRECT] 
2023-03-31 12:57:57,460 [ERROR] LogOutputStream:75 - [STDERR_REDIRECT] SLF4J: Failed to load class "org.slf4j.impl.StaticLoggerBinder".
2023-03-31 12:57:57,462 [ERROR] LogOutputStream:75 - [STDERR_REDIRECT] SLF4J: Defaulting to no-operation (NOP) logger implementation
2023-03-31 12:57:57,469 [ERROR] LogOutputStream:75 - [STDERR_REDIRECT] SLF4J: See http://www.slf4j.org/codes.html#StaticLoggerBinder for further details.
2023-03-31 15:29:34,787 [INFO] ApplicationProperties:184 - Using Application install path: C:\ST\STM32CubeIDE_1.11.2\STM32CubeIDE\plugins\com.st.stm32cube.common.mx_6.8.0.202302231600
2023-03-31 15:29:35,398 [INFO] DbMcusXml:78 - Set database path to: C:\ST\STM32CubeIDE_1.11.2\STM32CubeIDE\plugins\com.st.stm32cube.common.mx_6.8.0.202302231600\\db\/mcu/
2023-03-31 15:29:35,399 [INFO] ApiDb:274 - Set plugin database path to: C:\ST\STM32CubeIDE_1.11.2\STM32CubeIDE\plugins\com.st.stm32cube.common.mx_6.8.0.202302231600\\db\/plugins/boardmanager/
2023-03-31 15:29:35,405 [WARN] ApiDb:259 - Overriding images path with different value:  => C:\ST\STM32CubeIDE_1.11.2\STM32CubeIDE\plugins\com.st.stm32cube.common.mx_6.8.0.202302231600\\db\/plugins/mcufinder/images/
2023-03-31 15:29:36,177 [INFO] ApiDb:250 - Set database path to: C:\Users\gssan\.stmcufinder\plugins\mcufinder//mcu/
2023-03-31 15:29:36,190 [INFO] DbMcusAds:125 - Set database path to: C:\Users\gssan\.stmcufinder\plugins\mcufinder//mcu/
2023-03-31 15:29:36,537 [INFO] CrossReferenceDbSqlite:203 - Set database path to: C:\Users\gssan\.stmcufinder\plugins\mcufinder//mcu/cs/
2023-03-31 15:29:37,973 [INFO] RulesReader:64 - Compatibility file has been processed (293 Rules)
2023-03-31 15:29:39,427 [INFO] DbMcusXml:78 - Set database path to: C:\ST\STM32CubeIDE_1.11.2\STM32CubeIDE\plugins\com.st.stm32cube.common.mx_6.8.0.202302231600\\db\/mcu/
2023-03-31 15:29:39,428 [INFO] ApiDb:274 - Set plugin database path to: C:\ST\STM32CubeIDE_1.11.2\STM32CubeIDE\plugins\com.st.stm32cube.common.mx_6.8.0.202302231600\\db\/plugins/boardmanager/
2023-03-31 15:29:39,428 [INFO] ApiDb:261 - Set plugin images path to: C:\ST\STM32CubeIDE_1.11.2\STM32CubeIDE\plugins\com.st.stm32cube.common.mx_6.8.0.202302231600\\db\/plugins/mcufinder/images/
2023-03-31 15:29:39,431 [WARN] DbFile:41 - Overriding database path with different value: C:\Users\gssan\.stmcufinder\plugins\mcufinder/ => C:\Users\gssan\.stmcufinder\plugins\mcufinder
2023-03-31 15:29:39,432 [INFO] ApiDb:250 - Set database path to: C:\Users\gssan\.stmcufinder\plugins\mcufinder//mcu/
2023-03-31 15:29:39,433 [WARN] DbFile:41 - Overriding database path with different value: C:\Users\gssan\.stmcufinder\plugins\mcufinder/ => C:\Users\gssan\.stmcufinder\plugins\mcufinder
2023-03-31 15:29:39,434 [INFO] DbMcusAds:125 - Set database path to: C:\Users\gssan\.stmcufinder\plugins\mcufinder//mcu/
2023-03-31 15:29:39,434 [WARN] DbFile:41 - Overriding database path with different value: C:\Users\gssan\.stmcufinder\plugins\mcufinder/ => C:\Users\gssan\.stmcufinder\plugins\mcufinder
2023-03-31 15:29:39,435 [WARN] DbFile:41 - Overriding database path with different value: C:\Users\gssan\.stmcufinder\plugins\mcufinder/ => C:\Users\gssan\.stmcufinder\plugins\mcufinder
2023-03-31 15:29:39,435 [INFO] CrossReferenceDbSqlite:203 - Set database path to: C:\Users\gssan\.stmcufinder\plugins\mcufinder//mcu/cs/
2023-03-31 15:29:40,488 [INFO] MainPanel:253 - HeapMemory: 268435456
2023-03-31 15:29:41,997 [INFO] DbMcusXml:78 - Set database path to: C:\ST\STM32CubeIDE_1.11.2\STM32CubeIDE\plugins\com.st.stm32cube.common.mx_6.8.0.202302231600\\db\/mcu/
2023-03-31 15:29:41,997 [INFO] ApiDb:274 - Set plugin database path to: C:\ST\STM32CubeIDE_1.11.2\STM32CubeIDE\plugins\com.st.stm32cube.common.mx_6.8.0.202302231600\\db\/plugins/boardmanager/
2023-03-31 15:29:41,998 [INFO] ApiDb:261 - Set plugin images path to: C:\ST\STM32CubeIDE_1.11.2\STM32CubeIDE\plugins\com.st.stm32cube.common.mx_6.8.0.202302231600\\db\/plugins/mcufinder/images/
2023-03-31 15:29:42,041 [WARN] DbFile:41 - Overriding database path with different value: C:\Users\gssan\.stmcufinder\plugins\mcufinder/ => C:\Users\gssan\.stmcufinder\plugins\mcufinder
2023-03-31 15:29:42,041 [INFO] ApiDb:250 - Set database path to: C:\Users\gssan\.stmcufinder\plugins\mcufinder//mcu/
2023-03-31 15:29:42,041 [WARN] DbFile:41 - Overriding database path with different value: C:\Users\gssan\.stmcufinder\plugins\mcufinder/ => C:\Users\gssan\.stmcufinder\plugins\mcufinder
2023-03-31 15:29:42,042 [INFO] DbMcusAds:125 - Set database path to: C:\Users\gssan\.stmcufinder\plugins\mcufinder//mcu/
2023-03-31 15:29:42,042 [WARN] DbFile:41 - Overriding database path with different value: C:\Users\gssan\.stmcufinder\plugins\mcufinder/ => C:\Users\gssan\.stmcufinder\plugins\mcufinder
2023-03-31 15:29:42,042 [WARN] DbFile:41 - Overriding database path with different value: C:\Users\gssan\.stmcufinder\plugins\mcufinder/ => C:\Users\gssan\.stmcufinder\plugins\mcufinder
2023-03-31 15:29:42,042 [INFO] CrossReferenceDbSqlite:203 - Set database path to: C:\Users\gssan\.stmcufinder\plugins\mcufinder//mcu/cs/
2023-03-31 15:29:42,321 [INFO] ApplicationProperties:184 - Using Application install path: C:\ST\STM32CubeIDE_1.11.2\STM32CubeIDE\plugins\com.st.stm32cube.common.mx_6.8.0.202302231600
2023-03-31 15:29:42,336 [INFO] PluginManage:196 - Search for loadable plugins [exclusion list=, ]
2023-03-31 15:29:42,387 [INFO] PluginManage:310 - Check plugin analytics
2023-03-31 15:29:44,482 [INFO] AnalyticsPlugin:253 - Accepted Software Licenses: STM32CubeMX.6.8.0
2023-03-31 15:29:44,484 [INFO] AnalyticsPlugin:255 - Accepted CMSIS Pack Licenses: STMicroelectronics.X-CUBE-TOUCHGFX.4.21.1
2023-03-31 15:29:44,485 [INFO] AnalyticsPlugin:257 - Accepted Firmware Licenses: FW.F4.1.27.0,FW.F7.1.17.0
2023-03-31 15:29:44,531 [INFO] PluginManage:359 - Loaded plugin analytics (category:tool,tabindex:-1)
2023-03-31 15:29:44,532 [INFO] PluginManage:310 - Check plugin cadmodel
2023-03-31 15:29:44,713 [INFO] CADModel:105 - Init CAD model plugin
2023-03-31 15:29:44,715 [INFO] PluginManage:359 - Loaded plugin cadmodel (category:power,tabindex:5)
2023-03-31 15:29:44,717 [INFO] PluginManage:310 - Check plugin clock
2023-03-31 15:29:44,865 [INFO] PluginManage:359 - Loaded plugin clock (category:base,tabindex:2)
2023-03-31 15:29:44,866 [INFO] PluginManage:310 - Check plugin ddr
2023-03-31 15:29:45,002 [INFO] PluginManage:359 - Loaded plugin ddr (category:tool,tabindex:6)
2023-03-31 15:29:45,002 [INFO] PluginManage:310 - Check plugin filemanager
2023-03-31 15:29:45,984 [INFO] PluginManage:359 - Loaded plugin filemanager (category:base,tabindex:10)
2023-03-31 15:29:45,985 [INFO] PluginManage:310 - Check plugin ipmanager
2023-03-31 15:29:46,055 [INFO] PluginManage:359 - Loaded plugin ipmanager (category:base,tabindex:5)
2023-03-31 15:29:46,056 [INFO] PluginManage:310 - Check plugin lpbam
2023-03-31 15:29:46,122 [INFO] PluginManage:359 - Loaded plugin lpbam (category:base,tabindex:0)
2023-03-31 15:29:46,122 [INFO] PluginManage:310 - Check plugin pinoutandconfiguration
2023-03-31 15:29:46,219 [INFO] PluginManage:359 - Loaded plugin pinoutandconfiguration (category:base,tabindex:1)
2023-03-31 15:29:46,219 [INFO] PluginManage:310 - Check plugin pinoutconfig
2023-03-31 15:29:46,822 [WARN] SupportedApi:132 - Cannot load RTOS API schema: s4s-elt-must-match.1: The content of 'definitions' must match (annotation?, (simpleType | complexType)?, (unique | key | keyref)*)). A problem was found starting at: attribute.
2023-03-31 15:29:47,972 [INFO] PluginManage:359 - Loaded plugin pinoutconfig (category:base,tabindex:0)
2023-03-31 15:29:47,973 [INFO] PluginManage:310 - Check plugin power
2023-03-31 15:29:48,172 [INFO] PluginManage:359 - Loaded plugin power (category:power,tabindex:4)
2023-03-31 15:29:48,173 [INFO] PluginManage:310 - Check plugin projectmanager
2023-03-31 15:29:48,317 [INFO] PluginManage:359 - Loaded plugin projectmanager (category:projectmanager,tabindex:3)
2023-03-31 15:29:48,318 [INFO] PluginManage:310 - Check plugin thirdparty
2023-03-31 15:29:49,818 [INFO] PluginManage:359 - Loaded plugin thirdparty (category:base,tabindex:-1)
2023-03-31 15:29:49,819 [INFO] PluginManage:310 - Check plugin tools
2023-03-31 15:29:49,821 [WARN] IntegrityCheckThread:84 - waiting for thirdparty lock release [integrity check]
2023-03-31 15:29:49,822 [INFO] IntegrityCheckThread:86 - entering critical section [integrity check]
2023-03-31 15:29:49,831 [INFO] ThirdPartyUpdaterWithRetryManager:70 - Updater plugin not ready yet. [1/15]
2023-03-31 15:29:49,868 [INFO] PluginManage:359 - Loaded plugin tools (category:base,tabindex:7)
2023-03-31 15:29:49,868 [INFO] PluginManage:310 - Check plugin tutovideos
2023-03-31 15:29:51,138 [INFO] PluginManage:359 - Loaded plugin tutovideos (category:base,tabindex:-1)
2023-03-31 15:29:51,142 [INFO] PluginManage:310 - Check plugin updater
2023-03-31 15:29:51,404 [INFO] PluginManage:359 - Loaded plugin updater (category:base,tabindex:12)
2023-03-31 15:29:51,405 [INFO] PluginManage:283 - PluginManage : Loaded plugins [15]
2023-03-31 15:29:52,837 [INFO] ThirdPartyUpdaterWithRetryManager:70 - Updater plugin not ready yet. [2/15]
2023-03-31 15:29:53,918 [INFO] PinOutPanel:1499 - setPackage(No Configuration,No Configuration)
2023-03-31 15:29:54,536 [INFO] CADModel:165 - CPN selected for project level
2023-03-31 15:29:54,537 [INFO] CADModel:114 - Register for checkConnection events
2023-03-31 15:29:54,837 [INFO] IPUIPlugin:80 - create IPUIPlugin
2023-03-31 15:29:54,839 [INFO] PluginManager:220 - loadIPPluginJar : add adc
2023-03-31 15:29:54,899 [INFO] IPUIPlugin:80 - create IPUIPlugin
2023-03-31 15:29:54,900 [INFO] PluginManager:220 - loadIPPluginJar : add aes
2023-03-31 15:29:54,909 [INFO] IPUIPlugin:80 - create IPUIPlugin
2023-03-31 15:29:54,909 [INFO] PluginManager:220 - loadIPPluginJar : add can
2023-03-31 15:29:54,917 [INFO] IPUIPlugin:80 - create IPUIPlugin
2023-03-31 15:29:54,918 [INFO] PluginManager:220 - loadIPPluginJar : add comp
2023-03-31 15:29:54,968 [INFO] IPUIPlugin:80 - create IPUIPlugin
2023-03-31 15:29:54,968 [INFO] PluginManager:220 - loadIPPluginJar : add cryp
2023-03-31 15:29:55,015 [INFO] IPUIPlugin:80 - create IPUIPlugin
2023-03-31 15:29:55,016 [INFO] PluginManager:220 - loadIPPluginJar : add dfsdm
2023-03-31 15:29:55,082 [INFO] IPUIPlugin:80 - create IPUIPlugin
2023-03-31 15:29:55,084 [INFO] PluginManager:220 - loadIPPluginJar : add dma
2023-03-31 15:29:55,098 [INFO] IPUIPlugin:80 - create IPUIPlugin
2023-03-31 15:29:55,098 [INFO] PluginManager:220 - loadIPPluginJar : add dma3
2023-03-31 15:29:55,102 [INFO] IPUIPlugin:80 - create IPUIPlugin
2023-03-31 15:29:55,103 [INFO] PluginManager:220 - loadIPPluginJar : add fatfs
2023-03-31 15:29:55,120 [INFO] IPUIPlugin:80 - create IPUIPlugin
2023-03-31 15:29:55,120 [INFO] PluginManager:220 - loadIPPluginJar : add fmc
2023-03-31 15:29:55,163 [INFO] IPUIPlugin:80 - create IPUIPlugin
2023-03-31 15:29:55,165 [INFO] PluginManager:220 - loadIPPluginJar : add freertos
2023-03-31 15:29:55,169 [INFO] IPUIPlugin:80 - create IPUIPlugin
2023-03-31 15:29:55,169 [INFO] PluginManager:220 - loadIPPluginJar : add genericplugin
2023-03-31 15:29:55,182 [INFO] IPUIPlugin:80 - create IPUIPlugin
2023-03-31 15:29:55,182 [INFO] PluginManager:220 - loadIPPluginJar : add gfxmmu
2023-03-31 15:29:55,218 [INFO] IPUIPlugin:80 - create IPUIPlugin
2023-03-31 15:29:55,218 [INFO] PluginManager:220 - loadIPPluginJar : add gic
2023-03-31 15:29:55,242 [INFO] IPUIPlugin:80 - create IPUIPlugin
2023-03-31 15:29:55,242 [INFO] PluginManager:220 - loadIPPluginJar : add gpio
2023-03-31 15:29:55,257 [INFO] IPUIPlugin:80 - create IPUIPlugin
2023-03-31 15:29:55,257 [INFO] PluginManager:220 - loadIPPluginJar : add gtzc
2023-03-31 15:29:55,285 [INFO] IPUIPlugin:80 - create IPUIPlugin
2023-03-31 15:29:55,285 [INFO] PluginManager:220 - loadIPPluginJar : add hash
2023-03-31 15:29:55,299 [INFO] IPUIPlugin:80 - create IPUIPlugin
2023-03-31 15:29:55,299 [INFO] PluginManager:220 - loadIPPluginJar : add i2c
2023-03-31 15:29:55,330 [INFO] IPUIPlugin:80 - create IPUIPlugin
2023-03-31 15:29:55,330 [INFO] PluginManager:220 - loadIPPluginJar : add i2s
2023-03-31 15:29:55,364 [INFO] IPUIPlugin:80 - create IPUIPlugin
2023-03-31 15:29:55,364 [INFO] PluginManager:220 - loadIPPluginJar : add i3c
2023-03-31 15:29:55,386 [INFO] IPUIPlugin:80 - create IPUIPlugin
2023-03-31 15:29:55,386 [INFO] PluginManager:220 - loadIPPluginJar : add ipddr
2023-03-31 15:29:55,441 [INFO] IPUIPlugin:80 - create IPUIPlugin
2023-03-31 15:29:55,441 [INFO] PluginManager:220 - loadIPPluginJar : add linkedlist
2023-03-31 15:29:55,451 [INFO] IPUIPlugin:80 - create IPUIPlugin
2023-03-31 15:29:55,451 [INFO] PluginManager:220 - loadIPPluginJar : add lorawan
2023-03-31 15:29:55,461 [INFO] IPUIPlugin:80 - create IPUIPlugin
2023-03-31 15:29:55,488 [INFO] PluginManager:220 - loadIPPluginJar : add ltdc
2023-03-31 15:29:55,581 [INFO] IPUIPlugin:80 - create IPUIPlugin
2023-03-31 15:29:55,582 [INFO] PluginManager:220 - loadIPPluginJar : add mdma
2023-03-31 15:29:55,686 [INFO] IPUIPlugin:80 - create IPUIPlugin
2023-03-31 15:29:55,691 [INFO] PluginManager:220 - loadIPPluginJar : add nvic
2023-03-31 15:29:55,701 [INFO] IPUIPlugin:80 - create IPUIPlugin
2023-03-31 15:29:55,702 [INFO] PluginManager:220 - loadIPPluginJar : add opamp
2023-03-31 15:29:55,723 [INFO] IPUIPlugin:80 - create IPUIPlugin
2023-03-31 15:29:55,728 [INFO] PluginManager:220 - loadIPPluginJar : add openamp
2023-03-31 15:29:55,800 [INFO] IPUIPlugin:80 - create IPUIPlugin
2023-03-31 15:29:55,801 [INFO] PluginManager:220 - loadIPPluginJar : add pdm2pcm
2023-03-31 15:29:55,833 [INFO] IPUIPlugin:80 - create IPUIPlugin
2023-03-31 15:29:55,846 [INFO] PluginManager:220 - loadIPPluginJar : add plateformsettings
2023-03-31 15:29:55,850 [INFO] ThirdPartyUpdaterWithRetryManager:70 - Updater plugin not ready yet. [3/15]
2023-03-31 15:29:55,852 [INFO] IPUIPlugin:80 - create IPUIPlugin
2023-03-31 15:29:55,852 [INFO] PluginManager:220 - loadIPPluginJar : add quadspi
2023-03-31 15:29:55,899 [INFO] IPUIPlugin:80 - create IPUIPlugin
2023-03-31 15:29:55,900 [INFO] PluginManager:220 - loadIPPluginJar : add resmgrutility
2023-03-31 15:29:55,978 [INFO] IPUIPlugin:80 - create IPUIPlugin
2023-03-31 15:29:55,978 [INFO] PluginManager:220 - loadIPPluginJar : add sai
2023-03-31 15:29:56,022 [INFO] IPUIPlugin:80 - create IPUIPlugin
2023-03-31 15:29:56,023 [INFO] PluginManager:220 - loadIPPluginJar : add spi
2023-03-31 15:29:56,051 [INFO] IPUIPlugin:80 - create IPUIPlugin
2023-03-31 15:29:56,052 [INFO] PluginManager:220 - loadIPPluginJar : add stm32_wpan
2023-03-31 15:29:56,064 [INFO] IPUIPlugin:80 - create IPUIPlugin
2023-03-31 15:29:56,064 [INFO] PluginManager:220 - loadIPPluginJar : add tim
2023-03-31 15:29:56,114 [INFO] IPUIPlugin:80 - create IPUIPlugin
2023-03-31 15:29:56,115 [INFO] PluginManager:220 - loadIPPluginJar : add touchsensing
2023-03-31 15:29:56,121 [INFO] IPUIPlugin:80 - create IPUIPlugin
2023-03-31 15:29:56,125 [INFO] PluginManager:220 - loadIPPluginJar : add tracer_emb
2023-03-31 15:29:56,132 [INFO] IPUIPlugin:80 - create IPUIPlugin
2023-03-31 15:29:56,133 [INFO] PluginManager:220 - loadIPPluginJar : add ts
2023-03-31 15:29:56,182 [INFO] IPUIPlugin:80 - create IPUIPlugin
2023-03-31 15:29:56,182 [INFO] PluginManager:220 - loadIPPluginJar : add tsc
2023-03-31 15:29:56,221 [INFO] IPUIPlugin:80 - create IPUIPlugin
2023-03-31 15:29:56,224 [INFO] PluginManager:220 - loadIPPluginJar : add ucpd
2023-03-31 15:29:56,235 [INFO] IPUIPlugin:80 - create IPUIPlugin
2023-03-31 15:29:56,236 [INFO] PluginManager:220 - loadIPPluginJar : add usart
2023-03-31 15:29:56,283 [INFO] IPUIPlugin:80 - create IPUIPlugin
2023-03-31 15:29:56,283 [INFO] PluginManager:220 - loadIPPluginJar : add usbx
2023-03-31 15:29:56,831 [INFO] CADModel:165 - CPN selected for project level
2023-03-31 15:29:56,832 [INFO] CADModel:114 - Register for checkConnection events
2023-03-31 15:29:56,832 [FATAL] Updater:308 - Updater called before beeing initialized
2023-03-31 15:29:56,832 [ERROR] CADModel:125 - Updater not yet initialized, retry later 
2023-03-31 15:29:58,034 [INFO] CADModel:165 - CPN selected for project level
2023-03-31 15:29:58,034 [INFO] CADModel:114 - Register for checkConnection events
2023-03-31 15:29:58,034 [FATAL] Updater:308 - Updater called before beeing initialized
2023-03-31 15:29:58,034 [ERROR] CADModel:125 - Updater not yet initialized, retry later 
2023-03-31 15:29:58,046 [FATAL] Updater:308 - Updater called before beeing initialized
2023-03-31 15:29:58,876 [INFO] ThirdPartyUpdaterWithRetryManager:70 - Updater plugin not ready yet. [4/15]
2023-03-31 15:29:59,129 [FATAL] Updater:308 - Updater called before beeing initialized
2023-03-31 15:29:59,180 [INFO] DbMcusAds:53 - JSON generation date=Tue Mar 07 03:50:55 COT 2023 (1678179055114)
2023-03-31 15:29:59,180 [FATAL] Updater:308 - Updater called before beeing initialized
2023-03-31 15:29:59,743 [WARN] DetailPanel:346 - Failed to get advertising image, set to default
2023-03-31 15:30:01,879 [FATAL] Updater:308 - Updater called before beeing initialized
2023-03-31 15:30:01,880 [ERROR] IntegrityCheckThread:130 - Cannot retrieve database content from updater: error 21
2023-03-31 15:30:01,881 [INFO] ThirdParty:978 - Integrity check success = false
2023-03-31 15:30:01,881 [INFO] IntegrityCheckThread:100 - exiting critical section [integrity check]
2023-03-31 15:30:01,881 [INFO] IntegrityCheckThread:103 - End integrity checks thread
2023-03-31 15:30:01,928 [FATAL] Updater:308 - Updater called before beeing initialized
2023-03-31 15:30:01,948 [FATAL] Updater:308 - Updater called before beeing initialized
2023-03-31 15:30:01,948 [FATAL] Updater:308 - Updater called before beeing initialized
2023-03-31 15:30:01,949 [WARN] DetailPanel:346 - Failed to get advertising image, set to default
2023-03-31 15:30:01,950 [FATAL] Updater:308 - Updater called before beeing initialized
2023-03-31 15:30:02,567 [ERROR] Updater:1120 - MainUpdater not yet initialized. External WinMGr cannot be set.
2023-03-31 15:30:02,689 [INFO] Updater:1056 - Updater Version found : 6.8.0
2023-03-31 15:30:02,861 [INFO] ApplicationProperties:184 - Using Application install path: C:\ST\STM32CubeIDE_1.11.2\STM32CubeIDE\plugins\com.st.stm32cube.common.mx_6.8.0.202302231600
2023-03-31 15:30:06,422 [INFO] MainUpdater:519 - Copy updater definitions from MX database
2023-03-31 15:30:08,121 [INFO] MainUpdater:2854 - connection check result : 10
2023-03-31 15:30:08,122 [INFO] MainUpdater:3548 - Updater definition file requires update
2023-03-31 15:30:08,124 [INFO] MainUpdater:283 - Updater Check For Update Now.
2023-03-31 15:30:08,125 [INFO] MicroXplorer:498 - Change Database Version : DB.6.0.80
2023-03-31 15:30:10,177 [INFO] ServerAccessManage:473 - Download File updaters.zip
2023-03-31 15:30:10,677 [INFO] FileExtend:240 - Unzip File : updaters.zip
2023-03-31 15:30:10,678 [INFO] FileExtend:255 - Standard Zip Deflate
2023-03-31 15:30:19,712 [INFO] ServerAccessManage:473 - Download File PacksControlFlags.xml
2023-03-31 15:30:21,148 [INFO] ServerAccessManage:473 - Download File cubemx.pidx
2023-03-31 15:30:21,989 [INFO] LoadServerUpdatesThread:373 - End of LoadServerUpdate Thread
2023-03-31 15:30:22,724 [INFO] CheckServerUpdateThread:120 - End of CheckServer Thread
2023-03-31 15:30:22,757 [INFO] MainUpdater:2854 - connection check result : 10
2023-03-31 15:30:24,121 [ERROR] LogOutputStream:75 - [STDERR_REDIRECT] Mar 31, 2023 3:30:24 PM java.util.prefs.WindowsPreferences openKey
2023-03-31 15:30:24,132 [ERROR] LogOutputStream:75 - [STDERR_REDIRECT] WARNING: Could not open windows registry node Software\JavaSoft\Prefs at root 0xffffffff80000002. Windows RegOpenKey(...) returned error code 5.
2023-03-31 15:30:24,132 [ERROR] LogOutputStream:75 - [STDERR_REDIRECT] 
2023-03-31 15:30:24,882 [INFO] CheckServerUpdateThread:120 - End of CheckServer Thread
2023-03-31 15:31:24,754 [INFO] MainUpdater:2854 - connection check result : 10
2023-03-31 15:32:31,208 [ERROR] LogOutputStream:75 - [STDERR_REDIRECT] 
2023-03-31 16:05:12,949 [INFO] Activator:176 - 


2023-03-31 16:05:12,954 [INFO] Activator:177 - !SESSION log4j initialized
2023-03-31 16:05:50,851 [INFO] ApplicationProperties:184 - Using Application install path: C:\ST\STM32CubeIDE_1.11.2\STM32CubeIDE\plugins\com.st.stm32cube.common.mx_6.8.0.202302231600
2023-03-31 16:05:51,235 [INFO] DbMcusXml:78 - Set database path to: C:\ST\STM32CubeIDE_1.11.2\STM32CubeIDE\plugins\com.st.stm32cube.common.mx_6.8.0.202302231600\\db\/mcu/
2023-03-31 16:05:51,236 [INFO] ApiDb:274 - Set plugin database path to: C:\ST\STM32CubeIDE_1.11.2\STM32CubeIDE\plugins\com.st.stm32cube.common.mx_6.8.0.202302231600\\db\/plugins/boardmanager/
2023-03-31 16:05:51,241 [WARN] ApiDb:259 - Overriding images path with different value:  => C:\ST\STM32CubeIDE_1.11.2\STM32CubeIDE\plugins\com.st.stm32cube.common.mx_6.8.0.202302231600\\db\/plugins/mcufinder/images/
2023-03-31 16:05:51,569 [INFO] ApiDb:250 - Set database path to: C:\Users\gssan\.stmcufinder\plugins\mcufinder//mcu/
2023-03-31 16:05:51,572 [INFO] DbMcusAds:125 - Set database path to: C:\Users\gssan\.stmcufinder\plugins\mcufinder//mcu/
2023-03-31 16:05:51,881 [INFO] CrossReferenceDbSqlite:203 - Set database path to: C:\Users\gssan\.stmcufinder\plugins\mcufinder//mcu/cs/
2023-03-31 16:05:52,869 [INFO] RulesReader:64 - Compatibility file has been processed (293 Rules)
2023-03-31 16:05:53,391 [INFO] LogOutputStream:77 - [STDOUT_REDIRECT] 
2023-03-31 16:05:54,129 [INFO] DbMcusXml:78 - Set database path to: C:\ST\STM32CubeIDE_1.11.2\STM32CubeIDE\plugins\com.st.stm32cube.common.mx_6.8.0.202302231600\\db\/mcu/
2023-03-31 16:05:54,129 [INFO] ApiDb:274 - Set plugin database path to: C:\ST\STM32CubeIDE_1.11.2\STM32CubeIDE\plugins\com.st.stm32cube.common.mx_6.8.0.202302231600\\db\/plugins/boardmanager/
2023-03-31 16:05:54,131 [INFO] ApiDb:261 - Set plugin images path to: C:\ST\STM32CubeIDE_1.11.2\STM32CubeIDE\plugins\com.st.stm32cube.common.mx_6.8.0.202302231600\\db\/plugins/mcufinder/images/
2023-03-31 16:05:54,131 [WARN] DbFile:41 - Overriding database path with different value: C:\Users\gssan\.stmcufinder\plugins\mcufinder/ => C:\Users\gssan\.stmcufinder\plugins\mcufinder
2023-03-31 16:05:54,132 [INFO] ApiDb:250 - Set database path to: C:\Users\gssan\.stmcufinder\plugins\mcufinder//mcu/
2023-03-31 16:05:54,132 [WARN] DbFile:41 - Overriding database path with different value: C:\Users\gssan\.stmcufinder\plugins\mcufinder/ => C:\Users\gssan\.stmcufinder\plugins\mcufinder
2023-03-31 16:05:54,132 [INFO] DbMcusAds:125 - Set database path to: C:\Users\gssan\.stmcufinder\plugins\mcufinder//mcu/
2023-03-31 16:05:54,132 [WARN] DbFile:41 - Overriding database path with different value: C:\Users\gssan\.stmcufinder\plugins\mcufinder/ => C:\Users\gssan\.stmcufinder\plugins\mcufinder
2023-03-31 16:05:54,132 [WARN] DbFile:41 - Overriding database path with different value: C:\Users\gssan\.stmcufinder\plugins\mcufinder/ => C:\Users\gssan\.stmcufinder\plugins\mcufinder
2023-03-31 16:05:54,133 [INFO] CrossReferenceDbSqlite:203 - Set database path to: C:\Users\gssan\.stmcufinder\plugins\mcufinder//mcu/cs/
2023-03-31 16:05:56,288 [INFO] MainPanel:253 - HeapMemory: 268435456
2023-03-31 16:06:00,230 [ERROR] LogOutputStream:75 - [STDERR_REDIRECT] SLF4J: Failed to load class "org.slf4j.impl.StaticLoggerBinder".
2023-03-31 16:06:00,231 [ERROR] LogOutputStream:75 - [STDERR_REDIRECT] SLF4J: Defaulting to no-operation (NOP) logger implementation
2023-03-31 16:06:00,234 [ERROR] LogOutputStream:75 - [STDERR_REDIRECT] SLF4J: See http://www.slf4j.org/codes.html#StaticLoggerBinder for further details.
2023-03-31 16:06:01,540 [INFO] DbMcusXml:78 - Set database path to: C:\ST\STM32CubeIDE_1.11.2\STM32CubeIDE\plugins\com.st.stm32cube.common.mx_6.8.0.202302231600\\db\/mcu/
2023-03-31 16:06:01,540 [INFO] ApiDb:274 - Set plugin database path to: C:\ST\STM32CubeIDE_1.11.2\STM32CubeIDE\plugins\com.st.stm32cube.common.mx_6.8.0.202302231600\\db\/plugins/boardmanager/
2023-03-31 16:06:01,540 [INFO] ApiDb:261 - Set plugin images path to: C:\ST\STM32CubeIDE_1.11.2\STM32CubeIDE\plugins\com.st.stm32cube.common.mx_6.8.0.202302231600\\db\/plugins/mcufinder/images/
2023-03-31 16:06:01,542 [WARN] DbFile:41 - Overriding database path with different value: C:\Users\gssan\.stmcufinder\plugins\mcufinder/ => C:\Users\gssan\.stmcufinder\plugins\mcufinder
2023-03-31 16:06:01,543 [INFO] ApiDb:250 - Set database path to: C:\Users\gssan\.stmcufinder\plugins\mcufinder//mcu/
2023-03-31 16:06:01,544 [WARN] DbFile:41 - Overriding database path with different value: C:\Users\gssan\.stmcufinder\plugins\mcufinder/ => C:\Users\gssan\.stmcufinder\plugins\mcufinder
2023-03-31 16:06:01,544 [INFO] DbMcusAds:125 - Set database path to: C:\Users\gssan\.stmcufinder\plugins\mcufinder//mcu/
2023-03-31 16:06:01,547 [WARN] DbFile:41 - Overriding database path with different value: C:\Users\gssan\.stmcufinder\plugins\mcufinder/ => C:\Users\gssan\.stmcufinder\plugins\mcufinder
2023-03-31 16:06:01,547 [WARN] DbFile:41 - Overriding database path with different value: C:\Users\gssan\.stmcufinder\plugins\mcufinder/ => C:\Users\gssan\.stmcufinder\plugins\mcufinder
2023-03-31 16:06:01,548 [INFO] CrossReferenceDbSqlite:203 - Set database path to: C:\Users\gssan\.stmcufinder\plugins\mcufinder//mcu/cs/
2023-03-31 16:06:01,828 [INFO] ApplicationProperties:184 - Using Application install path: C:\ST\STM32CubeIDE_1.11.2\STM32CubeIDE\plugins\com.st.stm32cube.common.mx_6.8.0.202302231600
2023-03-31 16:06:01,841 [INFO] PluginManage:196 - Search for loadable plugins [exclusion list=, ]
2023-03-31 16:06:01,926 [INFO] PluginManage:310 - Check plugin analytics
2023-03-31 16:06:03,646 [INFO] AnalyticsPlugin:253 - Accepted Software Licenses: STM32CubeMX.6.8.0
2023-03-31 16:06:03,647 [INFO] AnalyticsPlugin:255 - Accepted CMSIS Pack Licenses: STMicroelectronics.X-CUBE-TOUCHGFX.4.21.1
2023-03-31 16:06:03,648 [INFO] AnalyticsPlugin:257 - Accepted Firmware Licenses: FW.F4.1.27.0,FW.F7.1.17.0
2023-03-31 16:06:03,699 [INFO] PluginManage:359 - Loaded plugin analytics (category:tool,tabindex:-1)
2023-03-31 16:06:03,700 [INFO] PluginManage:310 - Check plugin cadmodel
2023-03-31 16:06:03,984 [INFO] CADModel:105 - Init CAD model plugin
2023-03-31 16:06:03,985 [INFO] PluginManage:359 - Loaded plugin cadmodel (category:power,tabindex:5)
2023-03-31 16:06:03,986 [INFO] PluginManage:310 - Check plugin clock
2023-03-31 16:06:04,484 [INFO] PluginManage:359 - Loaded plugin clock (category:base,tabindex:2)
2023-03-31 16:06:04,485 [INFO] PluginManage:310 - Check plugin ddr
2023-03-31 16:06:04,584 [INFO] PluginManage:359 - Loaded plugin ddr (category:tool,tabindex:6)
2023-03-31 16:06:04,584 [INFO] PluginManage:310 - Check plugin filemanager
2023-03-31 16:06:06,675 [INFO] PluginManage:359 - Loaded plugin filemanager (category:base,tabindex:10)
2023-03-31 16:06:06,676 [INFO] PluginManage:310 - Check plugin ipmanager
2023-03-31 16:06:06,769 [INFO] PluginManage:359 - Loaded plugin ipmanager (category:base,tabindex:5)
2023-03-31 16:06:06,769 [INFO] PluginManage:310 - Check plugin lpbam
2023-03-31 16:06:07,004 [INFO] PluginManage:359 - Loaded plugin lpbam (category:base,tabindex:0)
2023-03-31 16:06:07,004 [INFO] PluginManage:310 - Check plugin pinoutandconfiguration
2023-03-31 16:06:07,160 [INFO] PluginManage:359 - Loaded plugin pinoutandconfiguration (category:base,tabindex:1)
2023-03-31 16:06:07,160 [INFO] PluginManage:310 - Check plugin pinoutconfig
2023-03-31 16:06:09,213 [WARN] SupportedApi:132 - Cannot load RTOS API schema: s4s-elt-must-match.1: The content of 'definitions' must match (annotation?, (simpleType | complexType)?, (unique | key | keyref)*)). A problem was found starting at: attribute.
2023-03-31 16:06:10,730 [INFO] PluginManage:359 - Loaded plugin pinoutconfig (category:base,tabindex:0)
2023-03-31 16:06:10,731 [INFO] PluginManage:310 - Check plugin power
2023-03-31 16:06:10,951 [INFO] PluginManage:359 - Loaded plugin power (category:power,tabindex:4)
2023-03-31 16:06:10,951 [INFO] PluginManage:310 - Check plugin projectmanager
2023-03-31 16:06:11,102 [INFO] PluginManage:359 - Loaded plugin projectmanager (category:projectmanager,tabindex:3)
2023-03-31 16:06:11,102 [INFO] PluginManage:310 - Check plugin thirdparty
2023-03-31 16:06:13,184 [INFO] PluginManage:359 - Loaded plugin thirdparty (category:base,tabindex:-1)
2023-03-31 16:06:13,185 [INFO] PluginManage:310 - Check plugin tools
2023-03-31 16:06:13,199 [WARN] IntegrityCheckThread:84 - waiting for thirdparty lock release [integrity check]
2023-03-31 16:06:13,261 [INFO] IntegrityCheckThread:86 - entering critical section [integrity check]
2023-03-31 16:06:13,268 [INFO] ThirdPartyUpdaterWithRetryManager:70 - Updater plugin not ready yet. [1/15]
2023-03-31 16:06:13,270 [INFO] PluginManage:359 - Loaded plugin tools (category:base,tabindex:7)
2023-03-31 16:06:13,270 [INFO] PluginManage:310 - Check plugin tutovideos
2023-03-31 16:06:14,372 [INFO] PluginManage:359 - Loaded plugin tutovideos (category:base,tabindex:-1)
2023-03-31 16:06:14,373 [INFO] PluginManage:310 - Check plugin updater
2023-03-31 16:06:14,511 [INFO] PluginManage:359 - Loaded plugin updater (category:base,tabindex:12)
2023-03-31 16:06:14,513 [INFO] PluginManage:283 - PluginManage : Loaded plugins [15]
2023-03-31 16:06:16,274 [INFO] ThirdPartyUpdaterWithRetryManager:70 - Updater plugin not ready yet. [2/15]
2023-03-31 16:06:16,529 [INFO] PinOutPanel:1499 - setPackage(No Configuration,No Configuration)
2023-03-31 16:06:17,052 [INFO] CADModel:165 - CPN selected for project level
2023-03-31 16:06:17,052 [INFO] CADModel:114 - Register for checkConnection events
2023-03-31 16:06:17,251 [INFO] IPUIPlugin:80 - create IPUIPlugin
2023-03-31 16:06:17,251 [INFO] PluginManager:220 - loadIPPluginJar : add adc
2023-03-31 16:06:17,335 [INFO] IPUIPlugin:80 - create IPUIPlugin
2023-03-31 16:06:17,335 [INFO] PluginManager:220 - loadIPPluginJar : add aes
2023-03-31 16:06:17,549 [INFO] IPUIPlugin:80 - create IPUIPlugin
2023-03-31 16:06:17,550 [INFO] PluginManager:220 - loadIPPluginJar : add can
2023-03-31 16:06:17,554 [INFO] IPUIPlugin:80 - create IPUIPlugin
2023-03-31 16:06:17,554 [INFO] PluginManager:220 - loadIPPluginJar : add comp
2023-03-31 16:06:17,572 [INFO] IPUIPlugin:80 - create IPUIPlugin
2023-03-31 16:06:17,572 [INFO] PluginManager:220 - loadIPPluginJar : add cryp
2023-03-31 16:06:17,598 [INFO] IPUIPlugin:80 - create IPUIPlugin
2023-03-31 16:06:17,598 [INFO] PluginManager:220 - loadIPPluginJar : add dfsdm
2023-03-31 16:06:17,680 [INFO] IPUIPlugin:80 - create IPUIPlugin
2023-03-31 16:06:17,681 [INFO] PluginManager:220 - loadIPPluginJar : add dma
2023-03-31 16:06:17,713 [INFO] IPUIPlugin:80 - create IPUIPlugin
2023-03-31 16:06:17,713 [INFO] PluginManager:220 - loadIPPluginJar : add dma3
2023-03-31 16:06:17,716 [INFO] IPUIPlugin:80 - create IPUIPlugin
2023-03-31 16:06:17,717 [INFO] PluginManager:220 - loadIPPluginJar : add fatfs
2023-03-31 16:06:17,757 [INFO] IPUIPlugin:80 - create IPUIPlugin
2023-03-31 16:06:17,757 [INFO] PluginManager:220 - loadIPPluginJar : add fmc
2023-03-31 16:06:17,803 [INFO] IPUIPlugin:80 - create IPUIPlugin
2023-03-31 16:06:17,804 [INFO] PluginManager:220 - loadIPPluginJar : add freertos
2023-03-31 16:06:17,807 [INFO] IPUIPlugin:80 - create IPUIPlugin
2023-03-31 16:06:17,807 [INFO] PluginManager:220 - loadIPPluginJar : add genericplugin
2023-03-31 16:06:17,813 [INFO] IPUIPlugin:80 - create IPUIPlugin
2023-03-31 16:06:17,813 [INFO] PluginManager:220 - loadIPPluginJar : add gfxmmu
2023-03-31 16:06:17,887 [INFO] IPUIPlugin:80 - create IPUIPlugin
2023-03-31 16:06:17,888 [INFO] PluginManager:220 - loadIPPluginJar : add gic
2023-03-31 16:06:17,934 [INFO] IPUIPlugin:80 - create IPUIPlugin
2023-03-31 16:06:17,935 [INFO] PluginManager:220 - loadIPPluginJar : add gpio
2023-03-31 16:06:17,942 [INFO] IPUIPlugin:80 - create IPUIPlugin
2023-03-31 16:06:17,942 [INFO] PluginManager:220 - loadIPPluginJar : add gtzc
2023-03-31 16:06:17,990 [INFO] IPUIPlugin:80 - create IPUIPlugin
2023-03-31 16:06:17,991 [INFO] PluginManager:220 - loadIPPluginJar : add hash
2023-03-31 16:06:18,210 [INFO] IPUIPlugin:80 - create IPUIPlugin
2023-03-31 16:06:18,210 [INFO] PluginManager:220 - loadIPPluginJar : add i2c
2023-03-31 16:06:18,218 [INFO] IPUIPlugin:80 - create IPUIPlugin
2023-03-31 16:06:18,218 [INFO] PluginManager:220 - loadIPPluginJar : add i2s
2023-03-31 16:06:18,243 [INFO] IPUIPlugin:80 - create IPUIPlugin
2023-03-31 16:06:18,243 [INFO] PluginManager:220 - loadIPPluginJar : add i3c
2023-03-31 16:06:18,265 [INFO] IPUIPlugin:80 - create IPUIPlugin
2023-03-31 16:06:18,265 [INFO] PluginManager:220 - loadIPPluginJar : add ipddr
2023-03-31 16:06:18,378 [INFO] IPUIPlugin:80 - create IPUIPlugin
2023-03-31 16:06:18,378 [INFO] PluginManager:220 - loadIPPluginJar : add linkedlist
2023-03-31 16:06:18,396 [INFO] IPUIPlugin:80 - create IPUIPlugin
2023-03-31 16:06:18,396 [INFO] PluginManager:220 - loadIPPluginJar : add lorawan
2023-03-31 16:06:18,400 [INFO] IPUIPlugin:80 - create IPUIPlugin
2023-03-31 16:06:18,401 [INFO] PluginManager:220 - loadIPPluginJar : add ltdc
2023-03-31 16:06:18,468 [INFO] IPUIPlugin:80 - create IPUIPlugin
2023-03-31 16:06:18,469 [INFO] PluginManager:220 - loadIPPluginJar : add mdma
2023-03-31 16:06:18,555 [INFO] IPUIPlugin:80 - create IPUIPlugin
2023-03-31 16:06:18,555 [INFO] PluginManager:220 - loadIPPluginJar : add nvic
2023-03-31 16:06:18,620 [INFO] IPUIPlugin:80 - create IPUIPlugin
2023-03-31 16:06:18,621 [INFO] PluginManager:220 - loadIPPluginJar : add opamp
2023-03-31 16:06:18,629 [INFO] IPUIPlugin:80 - create IPUIPlugin
2023-03-31 16:06:18,630 [INFO] PluginManager:220 - loadIPPluginJar : add openamp
2023-03-31 16:06:18,697 [INFO] IPUIPlugin:80 - create IPUIPlugin
2023-03-31 16:06:18,698 [INFO] PluginManager:220 - loadIPPluginJar : add pdm2pcm
2023-03-31 16:06:18,718 [INFO] IPUIPlugin:80 - create IPUIPlugin
2023-03-31 16:06:18,725 [INFO] PluginManager:220 - loadIPPluginJar : add plateformsettings
2023-03-31 16:06:18,730 [INFO] IPUIPlugin:80 - create IPUIPlugin
2023-03-31 16:06:18,730 [INFO] PluginManager:220 - loadIPPluginJar : add quadspi
2023-03-31 16:06:18,831 [INFO] IPUIPlugin:80 - create IPUIPlugin
2023-03-31 16:06:18,831 [INFO] PluginManager:220 - loadIPPluginJar : add resmgrutility
2023-03-31 16:06:18,884 [INFO] IPUIPlugin:80 - create IPUIPlugin
2023-03-31 16:06:18,884 [INFO] PluginManager:220 - loadIPPluginJar : add sai
2023-03-31 16:06:18,892 [INFO] IPUIPlugin:80 - create IPUIPlugin
2023-03-31 16:06:18,892 [INFO] PluginManager:220 - loadIPPluginJar : add spi
2023-03-31 16:06:18,950 [INFO] IPUIPlugin:80 - create IPUIPlugin
2023-03-31 16:06:18,950 [INFO] PluginManager:220 - loadIPPluginJar : add stm32_wpan
2023-03-31 16:06:18,955 [INFO] IPUIPlugin:80 - create IPUIPlugin
2023-03-31 16:06:18,955 [INFO] PluginManager:220 - loadIPPluginJar : add tim
2023-03-31 16:06:18,981 [INFO] IPUIPlugin:80 - create IPUIPlugin
2023-03-31 16:06:18,981 [INFO] PluginManager:220 - loadIPPluginJar : add touchsensing
2023-03-31 16:06:18,987 [INFO] IPUIPlugin:80 - create IPUIPlugin
2023-03-31 16:06:18,987 [INFO] PluginManager:220 - loadIPPluginJar : add tracer_emb
2023-03-31 16:06:18,992 [INFO] IPUIPlugin:80 - create IPUIPlugin
2023-03-31 16:06:18,992 [INFO] PluginManager:220 - loadIPPluginJar : add ts
2023-03-31 16:06:19,016 [INFO] IPUIPlugin:80 - create IPUIPlugin
2023-03-31 16:06:19,016 [INFO] PluginManager:220 - loadIPPluginJar : add tsc
2023-03-31 16:06:19,021 [INFO] IPUIPlugin:80 - create IPUIPlugin
2023-03-31 16:06:19,021 [INFO] PluginManager:220 - loadIPPluginJar : add ucpd
2023-03-31 16:06:19,028 [INFO] IPUIPlugin:80 - create IPUIPlugin
2023-03-31 16:06:19,028 [INFO] PluginManager:220 - loadIPPluginJar : add usart
2023-03-31 16:06:19,053 [INFO] IPUIPlugin:80 - create IPUIPlugin
2023-03-31 16:06:19,053 [INFO] PluginManager:220 - loadIPPluginJar : add usbx
2023-03-31 16:06:19,281 [INFO] ThirdPartyUpdaterWithRetryManager:70 - Updater plugin not ready yet. [3/15]
2023-03-31 16:06:19,384 [INFO] CADModel:165 - CPN selected for project level
2023-03-31 16:06:19,384 [INFO] CADModel:114 - Register for checkConnection events
2023-03-31 16:06:19,384 [FATAL] Updater:308 - Updater called before beeing initialized
2023-03-31 16:06:19,384 [ERROR] CADModel:125 - Updater not yet initialized, retry later 
2023-03-31 16:06:20,132 [INFO] CADModel:165 - CPN selected for project level
2023-03-31 16:06:20,133 [INFO] CADModel:114 - Register for checkConnection events
2023-03-31 16:06:20,133 [FATAL] Updater:308 - Updater called before beeing initialized
2023-03-31 16:06:20,133 [ERROR] CADModel:125 - Updater not yet initialized, retry later 
2023-03-31 16:06:20,142 [FATAL] Updater:308 - Updater called before beeing initialized
2023-03-31 16:06:20,587 [FATAL] Updater:308 - Updater called before beeing initialized
2023-03-31 16:06:20,608 [INFO] DbMcusAds:53 - JSON generation date=Tue Mar 07 03:50:55 COT 2023 (1678179055114)
2023-03-31 16:06:20,608 [FATAL] Updater:308 - Updater called before beeing initialized
2023-03-31 16:06:21,047 [WARN] DetailPanel:346 - Failed to get advertising image, set to default
2023-03-31 16:06:21,372 [FATAL] Updater:308 - Updater called before beeing initialized
2023-03-31 16:06:21,433 [FATAL] Updater:308 - Updater called before beeing initialized
2023-03-31 16:06:21,433 [FATAL] Updater:308 - Updater called before beeing initialized
2023-03-31 16:06:21,434 [WARN] DetailPanel:346 - Failed to get advertising image, set to default
2023-03-31 16:06:21,435 [FATAL] Updater:308 - Updater called before beeing initialized
2023-03-31 16:06:21,752 [ERROR] Updater:1120 - MainUpdater not yet initialized. External WinMGr cannot be set.
2023-03-31 16:06:21,776 [INFO] Updater:1056 - Updater Version found : 6.8.0
2023-03-31 16:06:21,991 [INFO] ApplicationProperties:184 - Using Application install path: C:\ST\STM32CubeIDE_1.11.2\STM32CubeIDE\plugins\com.st.stm32cube.common.mx_6.8.0.202302231600
2023-03-31 16:06:22,288 [FATAL] Updater:308 - Updater called before beeing initialized
2023-03-31 16:06:22,290 [ERROR] IntegrityCheckThread:130 - Cannot retrieve database content from updater: error 21
2023-03-31 16:06:22,290 [INFO] ThirdParty:978 - Integrity check success = false
2023-03-31 16:06:22,290 [INFO] IntegrityCheckThread:100 - exiting critical section [integrity check]
2023-03-31 16:06:22,290 [INFO] IntegrityCheckThread:103 - End integrity checks thread
2023-03-31 16:06:24,039 [INFO] MainUpdater:2854 - connection check result : 10
2023-03-31 16:06:24,041 [INFO] MainUpdater:283 - Updater Check For Update Now.
2023-03-31 16:06:24,042 [INFO] MicroXplorer:498 - Change Database Version : DB.6.0.80
2023-03-31 16:06:24,729 [INFO] CheckServerUpdateThread:120 - End of CheckServer Thread
2023-03-31 16:06:24,776 [INFO] MainUpdater:2854 - connection check result : 10
2023-03-31 16:06:24,845 [INFO] MainUpdater:2854 - connection check result : 10
2023-03-31 16:06:25,326 [INFO] MicroXplorer:468 - Change Database Path : 
2023-03-31 16:06:25,328 [INFO] MicroXplorer:498 - Change Database Version : DB.6.0.80
2023-03-31 16:06:25,331 [WARN] ThirdParty:871 - waiting for thirdparty lock release [close project]
2023-03-31 16:06:25,331 [INFO] ThirdParty:873 - entering critical section [close project]
2023-03-31 16:06:25,339 [INFO] ThirdParty:883 - exiting critical section [close project]
2023-03-31 16:06:25,348 [INFO] PinOutPanel:1499 - setPackage(No Configuration,No Configuration)
2023-03-31 16:06:25,379 [INFO] UtilMem:75 - Begin LoadConfig() Used Memory: 159347040 Bytes (268435456)
2023-03-31 16:07:27,053 [INFO] MicroXplorer:468 - Change Database Path : 
2023-03-31 16:07:27,053 [INFO] MicroXplorer:498 - Change Database Version : DB.6.0.80
2023-03-31 16:07:27,054 [INFO] OpenFileManager:308 - Change cursor
2023-03-31 16:07:27,119 [WARN] IntegrityCheckThread:84 - waiting for thirdparty lock release [integrity check]
2023-03-31 16:07:27,119 [INFO] IntegrityCheckThread:86 - entering critical section [integrity check]
2023-03-31 16:07:28,764 [WARN] PackLoader:240 - Cannot read IP mode file for STMicroelectronics.X-CUBE-GNSS1.6.0.0
2023-03-31 16:07:28,853 [WARN] PackLoader:240 - Cannot read IP mode file for STMicroelectronics.X-CUBE-AZRTOS-F4.1.1.0
2023-03-31 16:07:28,936 [WARN] PackLoader:240 - Cannot read IP mode file for STMicroelectronics.X-CUBE-AZRTOS-F7.1.1.0
2023-03-31 16:07:28,966 [WARN] PackLoader:240 - Cannot read IP mode file for STMicroelectronics.X-CUBE-BLE1.6.2.4
2023-03-31 16:07:29,002 [WARN] PackLoader:240 - Cannot read IP mode file for emotas.I-CUBE-CANOPEN.1.1.3
2023-03-31 16:07:29,033 [WARN] PackLoader:240 - Cannot read IP mode file for STMicroelectronics.X-CUBE-BLEMGR.2.0.0
2023-03-31 16:07:29,090 [WARN] PackLoader:240 - Cannot read IP mode file for STMicroelectronics.X-CUBE-DISPLAY.3.0.0
2023-03-31 16:07:29,116 [WARN] PackLoader:240 - Cannot read IP mode file for wolfSSL.I-CUBE-wolfSSL.5.5.4
2023-03-31 16:07:29,131 [WARN] PackLoader:240 - Cannot read IP mode file for STMicroelectronics.X-CUBE-NFC7.1.0.0
2023-03-31 16:07:29,149 [WARN] PackLoader:240 - Cannot read IP mode file for STMicroelectronics.X-CUBE-EEPRMA1.4.1.0
2023-03-31 16:07:29,182 [WARN] PackLoader:240 - Cannot read IP mode file for WES.I-CUBE-Cesium.1.3.0
2023-03-31 16:07:29,207 [WARN] PackLoader:240 - Cannot read IP mode file for STMicroelectronics.X-CUBE-SFXS2LP1.4.0.0
2023-03-31 16:07:29,231 [WARN] PackLoader:240 - Cannot read IP mode file for STMicroelectronics.X-CUBE-BLE2.3.3.0
2023-03-31 16:07:29,260 [WARN] PackLoader:240 - Cannot read IP mode file for STMicroelectronics.X-CUBE-TOF1.3.2.0
2023-03-31 16:07:29,325 [WARN] PackLoader:240 - Cannot read IP mode file for STMicroelectronics.X-CUBE-AZRTOS-H7.3.0.0
2023-03-31 16:07:29,374 [WARN] PackLoader:240 - Cannot read IP mode file for STMicroelectronics.X-CUBE-ISPU.1.1.0
2023-03-31 16:07:29,416 [WARN] PackLoader:240 - Cannot read IP mode file for RoweBots.I-CUBE-UNISONRTOS.5.5.0-4
2023-03-31 16:07:29,440 [WARN] PackLoader:240 - Cannot read IP mode file for STMicroelectronics.X-CUBE-AI.8.0.0
2023-03-31 16:07:29,463 [WARN] PackLoader:240 - Cannot read IP mode file for STMicroelectronics.X-CUBE-FREERTOS.1.0.0
2023-03-31 16:07:29,586 [WARN] PackLoader:240 - Cannot read IP mode file for STMicroelectronics.X-CUBE-TOUCHGFX.4.21.1
2023-03-31 16:07:29,978 [WARN] PackLoader:240 - Cannot read IP mode file for STMicroelectronics.X-CUBE-TOUCHGFX.4.21.3
2023-03-31 16:07:30,128 [WARN] PackLoader:240 - Cannot read IP mode file for STMicroelectronics.X-CUBE-MEMS1.9.4.0
2023-03-31 16:07:30,604 [WARN] PackLoader:240 - Cannot read IP mode file for STMicroelectronics.X-CUBE-AI.7.3.0
2023-03-31 16:07:30,654 [WARN] PackLoader:240 - Cannot read IP mode file for STMicroelectronics.X-CUBE-ALGOBUILD.1.3.0
2023-03-31 16:07:30,730 [WARN] PackLoader:240 - Cannot read IP mode file for STMicroelectronics.X-CUBE-AZRTOS-L5.1.1.0
2023-03-31 16:07:30,813 [WARN] PackLoader:240 - Cannot read IP mode file for STMicroelectronics.X-CUBE-AZRTOS-G0.1.1.0
2023-03-31 16:07:30,919 [WARN] PackLoader:240 - Cannot read IP mode file for STMicroelectronics.X-CUBE-SUBG2.5.0.0
2023-03-31 16:07:30,949 [WARN] PackLoader:240 - Cannot read IP mode file for STMicroelectronics.X-CUBE-NFC4.3.0.0
2023-03-31 16:07:30,982 [WARN] PackLoader:240 - Cannot read IP mode file for STMicroelectronics.X-CUBE-TOF1.3.3.0
2023-03-31 16:07:31,044 [WARN] PackLoader:240 - Cannot read IP mode file for STMicroelectronics.FP-ATR-ASTRA1.1.1.1
2023-03-31 16:07:31,080 [WARN] PackLoader:240 - Cannot read IP mode file for STMicroelectronics.X-CUBE-BLEMGR.1.3.0
2023-03-31 16:07:31,153 [WARN] PackLoader:240 - Cannot read IP mode file for STMicroelectronics.X-CUBE-AZRTOS-G4.1.0.0
2023-03-31 16:07:31,175 [WARN] PackLoader:240 - Cannot read IP mode file for STMicroelectronics.FP-ATR-SIGFOX1.3.2.0
2023-03-31 16:07:31,234 [WARN] PackLoader:240 - Cannot read IP mode file for STMicroelectronics.X-CUBE-AZRTOS-L4.1.0.0
2023-03-31 16:07:31,356 [WARN] PackLoader:240 - Cannot read IP mode file for STMicroelectronics.X-CUBE-AZRTOS-WL.1.0.0
2023-03-31 16:07:31,391 [WARN] PackLoader:240 - Cannot read IP mode file for portGmbH.I-Cube-SoM-uGOAL.1.1.0
2023-03-31 16:07:31,411 [WARN] PackLoader:240 - Cannot read IP mode file for STMicroelectronics.X-CUBE-ALS.1.0.1
2023-03-31 16:07:31,633 [WARN] PackLoader:240 - Cannot read IP mode file for STMicroelectronics.X-CUBE-MEMS1.9.5.0
2023-03-31 16:07:32,179 [WARN] PackLoader:240 - Cannot read IP mode file for STMicroelectronics.X-CUBE-AZRTOS-WB.1.1.0
2023-03-31 16:07:32,293 [WARN] PackLoader:240 - Cannot read IP mode file for SEGGER.I-CUBE-embOS.1.3.1
2023-03-31 16:07:32,475 [INFO] ThirdParty:978 - Integrity check success = true
2023-03-31 16:07:32,475 [INFO] IntegrityCheckThread:100 - exiting critical section [integrity check]
2023-03-31 16:07:32,476 [INFO] IntegrityCheckThread:103 - End integrity checks thread
2023-03-31 16:07:32,914 [INFO] Mcu:1937 - Initializing MCU STM32F401R(D-E)Tx STM32F401RETx STM32F401RET6
2023-03-31 16:07:41,291 [INFO] Context:659 - Trying to add GPIOservice into a context  which must be forbidden
2023-03-31 16:07:42,275 [INFO] Rule:228 - rule WakeUp0 Mode is applicable
2023-03-31 16:07:42,275 [INFO] Rule:228 - rule WakeUp0 SIGNAL is applicable
2023-03-31 16:07:42,276 [INFO] Rule:228 - rule WakeUp1 Mode is applicable
2023-03-31 16:07:42,276 [INFO] Rule:228 - rule WakeUp1 SIGNAL is applicable
2023-03-31 16:07:42,280 [INFO] Rule:228 - rule WakeUp2 Mode is applicable
2023-03-31 16:07:42,282 [INFO] Rule:228 - rule WakeUp2 SIGNAL is applicable
2023-03-31 16:07:42,282 [INFO] Rule:228 - rule WakeUp4 Mode is applicable
2023-03-31 16:07:42,283 [INFO] Rule:228 - rule WakeUp4 SIGNAL is applicable
2023-03-31 16:07:42,283 [INFO] Rule:228 - rule WakeUp5 Mode is applicable
2023-03-31 16:07:42,283 [INFO] Rule:228 - rule WakeUp5 SIGNAL is applicable
2023-03-31 16:07:42,285 [INFO] DbConfProperties:307 - Apply Compatibility (0/10 Rules)
2023-03-31 16:07:43,059 [INFO] RtosManager:555 - Registered RTOS mode: class=CMSIS, group=RTOS, mode=CMSIS_V1, owner=FREERTOS
2023-03-31 16:07:43,059 [INFO] RtosManager:555 - Registered RTOS mode: class=CMSIS, group=RTOS2, mode=CMSIS_V2, owner=FREERTOS
2023-03-31 16:07:43,060 [INFO] RtosManager:555 - Registered RTOS mode: class=RTOS, group=Core, mode=CMSIS_V1, owner=FREERTOS
2023-03-31 16:07:43,060 [INFO] RtosManager:555 - Registered RTOS mode: class=RTOS, group=Core, mode=CMSIS_V2, owner=FREERTOS
2023-03-31 16:07:43,060 [WARN] ModelIntegratedComponent:184 - Missing modes for component STMicroelectronics:FreeRTOS:0.0.1:STMicroelectronics:RTOS:FreeRTOS:Core:::10.2.0:
2023-03-31 16:07:43,134 [WARN] ModelIntegratedComponent:63 - No mode defined for component null
2023-03-31 16:07:43,134 [WARN] ModelIntegratedComponent:63 - No mode defined for component null
2023-03-31 16:07:43,134 [WARN] ModelIntegratedComponent:63 - No mode defined for component null
2023-03-31 16:07:43,135 [WARN] ModelIntegratedComponent:63 - No mode defined for component null
2023-03-31 16:07:43,135 [WARN] ModelIntegratedComponent:63 - No mode defined for component null
2023-03-31 16:07:43,135 [WARN] ModelIntegratedComponent:63 - No mode defined for component null
2023-03-31 16:07:43,135 [WARN] ModelIntegratedComponent:63 - No mode defined for component null
2023-03-31 16:07:43,135 [WARN] ModelIntegratedComponent:63 - No mode defined for component null
2023-03-31 16:07:43,135 [WARN] ModelIntegratedComponent:63 - No mode defined for component null
2023-03-31 16:07:43,135 [WARN] ModelIntegratedComponent:63 - No mode defined for component null
2023-03-31 16:07:43,136 [WARN] ModelIntegratedComponent:63 - No mode defined for component null
2023-03-31 16:07:43,136 [WARN] ModelIntegratedComponent:63 - No mode defined for component null
2023-03-31 16:07:43,136 [WARN] ModelIntegratedComponent:63 - No mode defined for component null
2023-03-31 16:07:43,136 [WARN] ModelIntegratedComponent:63 - No mode defined for component null
2023-03-31 16:07:43,136 [WARN] ModelIntegratedComponent:63 - No mode defined for component null
2023-03-31 16:07:43,136 [WARN] ModelIntegratedComponent:63 - No mode defined for component null
2023-03-31 16:07:43,136 [WARN] ModelIntegratedComponent:63 - No mode defined for component null
2023-03-31 16:07:43,137 [WARN] ModelIntegratedComponent:63 - No mode defined for component null
2023-03-31 16:07:43,137 [WARN] ModelIntegratedComponent:63 - No mode defined for component null
2023-03-31 16:07:43,137 [WARN] ModelIntegratedComponent:63 - No mode defined for component null
2023-03-31 16:07:43,137 [WARN] ModelIntegratedComponent:63 - No mode defined for component null
2023-03-31 16:07:43,137 [WARN] ModelIntegratedComponent:63 - No mode defined for component null
2023-03-31 16:07:43,137 [WARN] ModelIntegratedComponent:63 - No mode defined for component null
2023-03-31 16:07:43,137 [WARN] ModelIntegratedComponent:63 - No mode defined for component null
2023-03-31 16:07:43,137 [WARN] ModelIntegratedComponent:63 - No mode defined for component null
2023-03-31 16:07:43,138 [WARN] ModelIntegratedComponent:63 - No mode defined for component null
2023-03-31 16:07:43,138 [WARN] ModelIntegratedComponent:63 - No mode defined for component null
2023-03-31 16:07:43,138 [WARN] ModelIntegratedComponent:63 - No mode defined for component null
2023-03-31 16:07:43,138 [WARN] ModelIntegratedComponent:63 - No mode defined for component null
2023-03-31 16:07:43,138 [WARN] ModelIntegratedComponent:63 - No mode defined for component null
2023-03-31 16:07:43,138 [WARN] ModelIntegratedComponent:63 - No mode defined for component null
2023-03-31 16:07:43,138 [WARN] ModelIntegratedComponent:63 - No mode defined for component null
2023-03-31 16:07:43,138 [WARN] ModelIntegratedComponent:63 - No mode defined for component null
2023-03-31 16:07:43,494 [INFO] ThirdPartyModel:298 - Start build external matchings
2023-03-31 16:07:44,578 [INFO] ThirdPartyModel:316 - End build external matchings
2023-03-31 16:07:45,987 [INFO] UtilMem:75 - End LoadConfig() Used Memory: 366496536 Bytes (435159040)
2023-03-31 16:07:46,723 [INFO] ApiDb:581 - Connected to CubeFinder SQLite database (C:\Users\gssan\.stmcufinder\plugins\mcufinder\mcu\cube-finder-db.db)
2023-03-31 16:07:47,177 [INFO] ApiDb:668 - CubeFinder database Data Model version=2.1
2023-03-31 16:07:47,177 [INFO] ApiDb:669 - CubeFinder database Configuration version=3.0.35
2023-03-31 16:07:47,178 [INFO] ApiDb:670 - CubeFinder database generation date=2023-03-10 (1678456172)
2023-03-31 16:07:47,178 [INFO] ApiDb:671 - CubeFinder database FW Pack versions=[FP-ATR-ASTRA1_V1.1.1, STM32Cube_FW_C0_V1.0.1, STM32Cube_FW_F0_V1.11.4, STM32Cube_FW_F3_V1.11.4, STM32Cube_FW_F4_V1.27.1, STM32Cube_FW_F7_V1.17.0, STM32Cube_FW_G0_V1.6.1, STM32Cube_FW_G4_V1.5.1, STM32Cube_FW_H5_V0.5.1, STM32Cube_FW_H5_V1.0.0, STM32Cube_FW_H7_V1.11.0, STM32Cube_FW_L0_V1.12.2, STM32Cube_FW_L5_V1.5.0, STM32Cube_FW_U5_V1.2.0, STM32Cube_FW_WBA_V1.0.0, STM32Cube_FW_WBA_V1.0.0RC1, STM32Cube_FW_WBA_V1.0.0RC3, STM32Cube_FW_WB_V1.15.0RC1, STM32Cube_FW_WB_V1.16.0, STM32Cube_FW_WB_V1.16.0RC2, STM32Cube_FW_WL_V1.3.0, X-CUBE-ALGOBUILD_V1.3.0, X-CUBE-ALS_V1.0.1, X-CUBE-AZRTOS-F4_V1.1.0, X-CUBE-AZRTOS-F7_V1.1.0, X-CUBE-AZRTOS-G0_V1.1.0, X-CUBE-AZRTOS-G4_V1.0.0, X-CUBE-AZRTOS-H7_V3.0.0, X-CUBE-AZRTOS-L4_V1.0.0, X-CUBE-AZRTOS-L5_V1.1.0, X-CUBE-AZRTOS-WB_V1.1.0, X-CUBE-AZRTOS-WL_V1.0.0, X-CUBE-BLE1_V6.2.4, X-CUBE-BLE2_V3.3.0, X-CUBE-BLEMGR_V1.3.0, X-CUBE-EEPRMA1_V4.1.0, X-CUBE-GNSS1_V6.0.0, X-CUBE-MEMS1_V9.1.0, X-CUBE-MEMS1_V9.4.0, X-CUBE-MEMS1_V9.5.0, X-CUBE-NFC4_V3.0.0, X-CUBE-NFC7_V1.0.0, X-CUBE-SFXS2LP1_V4.0.0, X-CUBE-SUBG2_V5.0.0]
2023-03-31 16:07:55,256 [INFO] ApiDb:240 - Found 297 in-development CPN: [B-G473E-ZEST1S, B-WB1M-WPAN1, B-WL5M-SUBG1, NUCLEO-C031C6, NUCLEO-H503RB, NUCLEO-H563ZI, NUCLEO-U545RE-Q, NUCLEO-U5A5ZJ-Q, NUCLEO-WBA52CG, STEVAL-PROTEUS1, STEVAL-STWINBX1, STM320518-EVAL, STM32C0116-DK, STM32C011D6Y3TR, STM32C011D6Y6TR, STM32C011F4P3, STM32C011F4P6, STM32C011F4U3, STM32C011F4U6TR, STM32C011F6P3, STM32C011F6P6, STM32C011F6U3, STM32C011F6U6TR, STM32C011J4M3, STM32C011J4M6, STM32C011J6M3, STM32C011J6M6, STM32C0316-DK, STM32C031C4T3, STM32C031C4T6, STM32C031C4U3, STM32C031C4U6, STM32C031C6T3, STM32C031C6T6, STM32C031C6U3, STM32C031C6U6, STM32C031F4P3, STM32C031F4P6, STM32C031F6P3, STM32C031F6P6, STM32C031G4U3, STM32C031G4U6, STM32C031G6U3, STM32C031G6U6, STM32C031K4T3, STM32C031K4T6, STM32C031K4U3, STM32C031K4U6, STM32C031K6T3, STM32C031K6T6, STM32C031K6U3, STM32C031K6U6, STM32G071K8TXN, STM32G071K8UXN, STM32G081GBU6N, STM32G081KBT6N, STM32G081KBUXN, STM32G0B1CCT6N, STM32G0B1KCT6, STM32G0B1NEY6TR, STM32G0B1RCT6N, STM32G0C1CCT6, STM32G0C1CCT6N, STM32G0C1CCU6N, STM32G0C1CET6N, STM32G0C1CEU6N, STM32G0C1KCT6, STM32G0C1NEY6TR, STM32G0C1RCI6N, STM32G0C1RCT6N, STM32G0C1REI6N, STM32G0C1RET6N, STM32G0C1VCI6, STM32G0C1VEI6, STM32G471CCT6, STM32G471CCU6, STM32G471CET3, STM32G471CET6, STM32G471CEU3, STM32G471CEU6, STM32G471MCT6, STM32G471MET3, STM32G471MET6, STM32G471MEY6TR, STM32G471QCT6, STM32G471QET3, STM32G471RCT6, STM32G471RET3, STM32G471RET6, STM32G471VCH6, STM32G471VCI6, STM32G471VCT6, STM32G471VEH3, STM32G471VEH6, STM32G471VEI3, STM32G471VEI6, STM32G471VET3, STM32G471VET6, STM32G474CCT6, STM32H503CBT6, STM32H503CBU6, STM32H503EBY6TR, STM32H503KBU6, STM32H503RBT6, STM32H562AGI6, STM32H562AII6, STM32H562IGK6, STM32H562IGT6, STM32H562IIK6, STM32H562IIT6, STM32H562RGT6, STM32H562RGV6, STM32H562RIT6, STM32H562RIV6, STM32H562VGT6, STM32H562VIT6, STM32H562ZGT6, STM32H562ZIT6, STM32H563AGI6, STM32H563AII3Q, STM32H563AII6, STM32H563IGK6, STM32H563IGT6, STM32H563IIK3Q, STM32H563IIK6, STM32H563IIT3Q, STM32H563IIT6, STM32H563MIY3QTR, STM32H563RGT6, STM32H563RGV6, STM32H563RIT6, STM32H563RIV6, STM32H563VGT6, STM32H563VIT3Q, STM32H563VIT6, STM32H563ZGT6, STM32H563ZIT3Q, STM32H563ZIT6, STM32H573AII3Q, STM32H573AII6, STM32H573I-DK, STM32H573IIK3Q, STM32H573IIK6, STM32H573IIT3Q, STM32H573IIT6, STM32H573MIY3QTR, STM32H573RIT6, STM32H573RIV6, STM32H573VIT3Q, STM32H573VIT6, STM32H573ZIT3Q, STM32H573ZIT6, STM32L4R5QGI6STR, STM32MP131AAE3, STM32MP131AAF3, STM32MP131AAG3, STM32MP131CAE3, STM32MP131CAF3, STM32MP131CAG3, STM32MP131DAE7, STM32MP131DAF7, STM32MP131DAG7, STM32MP131FAE7, STM32MP131FAF7, STM32MP131FAG7, STM32MP133AAE3, STM32MP133AAF3, STM32MP133AAG3, STM32MP133CAE3, STM32MP133CAF3, STM32MP133CAG3, STM32MP133DAE7, STM32MP133DAF7, STM32MP133DAG7, STM32MP133FAE7, STM32MP133FAF7, STM32MP133FAG7, STM32MP135AAE3, STM32MP135AAF3, STM32MP135AAG3, STM32MP135CAE3, STM32MP135CAF3, STM32MP135CAG3, STM32MP135DAE7, STM32MP135DAF7, STM32MP135DAG7, STM32MP135F-DK, STM32MP135FAE7, STM32MP135FAF7, STM32MP135FAF7T, STM32MP135FAF7U, STM32MP135FAG7, STM32U535CBT6, STM32U535CBT6Q, STM32U535CBU6, STM32U535CBU6Q, STM32U535CCT6, STM32U535CCT6Q, STM32U535CCU6, STM32U535CCU6Q, STM32U535CET6, STM32U535CET6Q, STM32U535CEU6, STM32U535CEU6Q, STM32U535JEY6QTR, STM32U535NCY6QTR, STM32U535NEY6QTR, STM32U535RBI6, STM32U535RBI6Q, STM32U535RBT6, STM32U535RBT6Q, STM32U535RCI6, STM32U535RCI6Q, STM32U535RCT6, STM32U535RCT6Q, STM32U535REI6, STM32U535REI6Q, STM32U535RET6, STM32U535RET6Q, STM32U535VCI6, STM32U535VCI6Q, STM32U535VCT6, STM32U535VCT6Q, STM32U535VEI6, STM32U535VEI6Q, STM32U535VET6, STM32U535VET6Q, STM32U545CET6, STM32U545CET6Q, STM32U545CEU6, STM32U545CEU6Q, STM32U545JEY6QTR, STM32U545NEY6QTR, STM32U545REI6, STM32U545REI6Q, STM32U545RET6, STM32U545RET6Q, STM32U545VEI6, STM32U545VEI6Q, STM32U545VET6, STM32U545VET6Q, STM32U595AIH6, STM32U595AIH6Q, STM32U595AJH6, STM32U595AJH6Q, STM32U595QII6, STM32U595QII6Q, STM32U595QJI6, STM32U595QJI6Q, STM32U595RIT6, STM32U595RIT6Q, STM32U595RJT6, STM32U595RJT6Q, STM32U595VIT6, STM32U595VIT6Q, STM32U595VJT6, STM32U595VJT6Q, STM32U595ZIT6, STM32U595ZIT6Q, STM32U595ZIY6QTR, STM32U595ZJT6, STM32U595ZJT6Q, STM32U595ZJY6QTR, STM32U599BJY6QTR, STM32U599NIH6Q, STM32U599NJH6Q, STM32U599VIT6Q, STM32U599VJT6, STM32U599VJT6Q, STM32U599ZIT6Q, STM32U599ZIY6QTR, STM32U599ZJT6Q, STM32U599ZJY6QTR, STM32U5A5AJH6, STM32U5A5AJH6Q, STM32U5A5QJI6, STM32U5A5QJI6Q, STM32U5A5RJT6, STM32U5A5RJT6Q, STM32U5A5VJT6, STM32U5A5VJT6Q, STM32U5A5ZJT6, STM32U5A5ZJT6Q, STM32U5A5ZJY6QTR, STM32U5A9BJY6QTR, STM32U5A9J-DK, STM32U5A9NJH6Q, STM32U5A9VJT6Q, STM32U5A9ZJT6Q, STM32U5A9ZJY6QTR, STM32WB1MMCH6, STM32WBA52CEU6, STM32WBA52CEU6T, STM32WBA52CGU6, STM32WBA52CGU6T, STM32WL5MOCH6, STM32WL5MOCH6TR]
2023-03-31 16:07:55,262 [INFO] DbMcus:216 - Found 3775 MCUs, 3775 are supported
2023-03-31 16:07:55,296 [INFO] ApiDb:423 - Load user favorites file C:\Users\gssan/.stm32cubeide/favorites.mcus.txt: 1 item(s)
2023-03-31 16:07:55,296 [INFO] ApiDb:427 - User favorites MCUs=[STM32F401RET6]
2023-03-31 16:07:55,297 [INFO] DbMcus:222 - Set 1 / 1 favorites MCUs
2023-03-31 16:07:57,236 [WARN] ThirdParty:833 - waiting for thirdparty lock release [change project]
2023-03-31 16:07:57,236 [INFO] ThirdParty:835 - entering critical section [change project]
2023-03-31 16:07:57,237 [INFO] ThirdParty:1030 - CMSIS Pack Vendor :STMicroelectronics X-CUBE-ISPU 1.1.0
2023-03-31 16:07:57,237 [INFO] ThirdParty:1030 - CMSIS Pack Vendor :RoweBots I-CUBE-UNISONRTOS 5.5.0-4
2023-03-31 16:07:57,237 [INFO] ThirdParty:1030 - CMSIS Pack Vendor :STMicroelectronics X-CUBE-GNSS1 6.0.0
2023-03-31 16:07:57,238 [INFO] ThirdParty:1030 - CMSIS Pack Vendor :STMicroelectronics USB_HOST 2.0.0
2023-03-31 16:07:57,238 [INFO] ThirdParty:1030 - CMSIS Pack Vendor :STMicroelectronics X-CUBE-AZRTOS-F4 1.1.0
2023-03-31 16:07:57,238 [INFO] ThirdParty:1030 - CMSIS Pack Vendor :STMicroelectronics LIBJPEG 8.0.0
2023-03-31 16:07:57,238 [INFO] ThirdParty:1030 - CMSIS Pack Vendor :STMicroelectronics USB_DEVICE 3.0.0
2023-03-31 16:07:57,238 [INFO] ThirdParty:1030 - CMSIS Pack Vendor :STMicroelectronics X-CUBE-AI 8.0.0
2023-03-31 16:07:57,238 [INFO] ThirdParty:1030 - CMSIS Pack Vendor :STMicroelectronics X-CUBE-FREERTOS 1.0.0
2023-03-31 16:07:57,239 [INFO] ThirdParty:1030 - CMSIS Pack Vendor :STMicroelectronics X-CUBE-TOUCHGFX 4.21.1
2023-03-31 16:07:57,239 [INFO] ThirdParty:1030 - CMSIS Pack Vendor :STMicroelectronics X-CUBE-TOUCHGFX 4.21.3
2023-03-31 16:07:57,239 [INFO] ThirdParty:1030 - CMSIS Pack Vendor :STMicroelectronics X-CUBE-AZRTOS-F7 1.1.0
2023-03-31 16:07:57,239 [INFO] ThirdParty:1030 - CMSIS Pack Vendor :STMicroelectronics X-CUBE-MEMS1 9.4.0
2023-03-31 16:07:57,239 [INFO] ThirdParty:1030 - CMSIS Pack Vendor :STMicroelectronics USB_DEVICE 2.0.0
2023-03-31 16:07:57,239 [INFO] ThirdParty:1030 - CMSIS Pack Vendor :STMicroelectronics X-CUBE-AI 7.3.0
2023-03-31 16:07:57,239 [INFO] ThirdParty:1030 - CMSIS Pack Vendor :STMicroelectronics X-CUBE-ALGOBUILD 1.3.0
2023-03-31 16:07:57,239 [INFO] ThirdParty:1030 - CMSIS Pack Vendor :STMicroelectronics X-CUBE-BLE1 6.2.4
2023-03-31 16:07:57,239 [INFO] ThirdParty:1030 - CMSIS Pack Vendor :STMicroelectronics X-CUBE-AZRTOS-L5 1.1.0
2023-03-31 16:07:57,240 [INFO] ThirdParty:1030 - CMSIS Pack Vendor :STMicroelectronics FreeRTOS 0.0.1
2023-03-31 16:07:57,240 [INFO] ThirdParty:1030 - CMSIS Pack Vendor :emotas I-CUBE-CANOPEN 1.1.3
2023-03-31 16:07:57,240 [INFO] ThirdParty:1030 - CMSIS Pack Vendor :STMicroelectronics X-CUBE-AZRTOS-G0 1.1.0
2023-03-31 16:07:57,240 [INFO] ThirdParty:1030 - CMSIS Pack Vendor :STMicroelectronics X-CUBE-BLEMGR 2.0.0
2023-03-31 16:07:57,240 [INFO] ThirdParty:1030 - CMSIS Pack Vendor :STMicroelectronics X-CUBE-SUBG2 5.0.0
2023-03-31 16:07:57,241 [INFO] ThirdParty:1030 - CMSIS Pack Vendor :STMicroelectronics X-CUBE-NFC4 3.0.0
2023-03-31 16:07:57,241 [INFO] ThirdParty:1030 - CMSIS Pack Vendor :STMicroelectronics STM32_WPAN 1.0.0
2023-03-31 16:07:57,241 [INFO] ThirdParty:1030 - CMSIS Pack Vendor :STMicroelectronics lwIP 2.0.3
2023-03-31 16:07:57,241 [INFO] ThirdParty:1030 - CMSIS Pack Vendor :STMicroelectronics USB_HOST 1.0.0
2023-03-31 16:07:57,241 [INFO] ThirdParty:1030 - CMSIS Pack Vendor :STMicroelectronics PDM2PCM 3.1.0
2023-03-31 16:07:57,241 [INFO] ThirdParty:1030 - CMSIS Pack Vendor :STMicroelectronics X-CUBE-TOF1 3.3.0
2023-03-31 16:07:57,241 [INFO] ThirdParty:1030 - CMSIS Pack Vendor :STMicroelectronics FP-ATR-ASTRA1 1.1.1
2023-03-31 16:07:57,241 [INFO] ThirdParty:1030 - CMSIS Pack Vendor :STMicroelectronics PDM2PCM 3.3.0
2023-03-31 16:07:57,242 [INFO] ThirdParty:1030 - CMSIS Pack Vendor :STMicroelectronics X-CUBE-DISPLAY 3.0.0
2023-03-31 16:07:57,242 [INFO] ThirdParty:1030 - CMSIS Pack Vendor :STMicroelectronics X-CUBE-BLEMGR 1.3.0
2023-03-31 16:07:57,242 [INFO] ThirdParty:1030 - CMSIS Pack Vendor :STMicroelectronics X-CUBE-AZRTOS-G4 1.0.0
2023-03-31 16:07:57,242 [INFO] ThirdParty:1030 - CMSIS Pack Vendor :STMicroelectronics FP-ATR-SIGFOX1 3.2.0
2023-03-31 16:07:57,242 [INFO] ThirdParty:1030 - CMSIS Pack Vendor :wolfSSL I-CUBE-wolfSSL 5.5.4
2023-03-31 16:07:57,242 [INFO] ThirdParty:1030 - CMSIS Pack Vendor :STMicroelectronics X-CUBE-AZRTOS-L4 1.0.0
2023-03-31 16:07:57,242 [INFO] ThirdParty:1030 - CMSIS Pack Vendor :STMicroelectronics HAL Drivers 0.0.0
2023-03-31 16:07:57,242 [INFO] ThirdParty:1030 - CMSIS Pack Vendor :STMicroelectronics MBEDTLS 2.16.2
2023-03-31 16:07:57,243 [INFO] ThirdParty:1030 - CMSIS Pack Vendor :STMicroelectronics MBEDTLS 2.14.1
2023-03-31 16:07:57,243 [INFO] ThirdParty:1030 - CMSIS Pack Vendor :STMicroelectronics X-CUBE-NFC7 1.0.0
2023-03-31 16:07:57,243 [INFO] ThirdParty:1030 - CMSIS Pack Vendor :STMicroelectronics X-CUBE-AZRTOS-WL 1.0.0
2023-03-31 16:07:57,243 [INFO] ThirdParty:1030 - CMSIS Pack Vendor :STMicroelectronics X-CUBE-EEPRMA1 4.1.0
2023-03-31 16:07:57,243 [INFO] ThirdParty:1030 - CMSIS Pack Vendor :portGmbH I-Cube-SoM-uGOAL 1.1.0
2023-03-31 16:07:57,243 [INFO] ThirdParty:1030 - CMSIS Pack Vendor :STMicroelectronics X-CUBE-ALS 1.0.1
2023-03-31 16:07:57,243 [INFO] ThirdParty:1030 - CMSIS Pack Vendor :STMicroelectronics X-CUBE-MEMS1 9.5.0
2023-03-31 16:07:57,243 [INFO] ThirdParty:1030 - CMSIS Pack Vendor :STMicroelectronics ThreadX 1.0.0
2023-03-31 16:07:57,244 [INFO] ThirdParty:1030 - CMSIS Pack Vendor :STMicroelectronics X-CUBE-AZRTOS-WB 1.1.0
2023-03-31 16:07:57,244 [INFO] ThirdParty:1030 - CMSIS Pack Vendor :SEGGER I-CUBE-embOS 1.3.1
2023-03-31 16:07:57,244 [INFO] ThirdParty:1030 - CMSIS Pack Vendor :STMicroelectronics USB_DEVICE 1.0.0
2023-03-31 16:07:57,244 [INFO] ThirdParty:1030 - CMSIS Pack Vendor :STMicroelectronics ThreadX 0.0.2
2023-03-31 16:07:57,244 [INFO] ThirdParty:1030 - CMSIS Pack Vendor :WES I-CUBE-Cesium 1.3.0
2023-03-31 16:07:57,244 [INFO] ThirdParty:1030 - CMSIS Pack Vendor :STMicroelectronics lwIP 2.1.2
2023-03-31 16:07:57,244 [INFO] ThirdParty:1030 - CMSIS Pack Vendor :STMicroelectronics X-CUBE-SFXS2LP1 4.0.0
2023-03-31 16:07:57,244 [INFO] ThirdParty:1030 - CMSIS Pack Vendor :STMicroelectronics X-CUBE-BLE2 3.3.0
2023-03-31 16:07:57,245 [INFO] ThirdParty:1030 - CMSIS Pack Vendor :STMicroelectronics X-CUBE-TOF1 3.2.0
2023-03-31 16:07:57,245 [INFO] ThirdParty:1030 - CMSIS Pack Vendor :STMicroelectronics PDM2PCM 3.2.0
2023-03-31 16:07:57,245 [INFO] ThirdParty:1030 - CMSIS Pack Vendor :STMicroelectronics X-CUBE-AZRTOS-H7 3.0.0
2023-03-31 16:07:57,245 [INFO] ThirdParty:841 - exiting critical section [change project]
2023-03-31 16:07:58,794 [INFO] PinOutPanel:1499 - setPackage(No Configuration,No Configuration)
2023-03-31 16:07:58,799 [INFO] PinOutPanel:1499 - setPackage(STM32F401RETx,LQFP64)
2023-03-31 16:08:01,884 [INFO] UtilMem:75 - Before build in PCC Used Memory: 350088928 Bytes (435159040)
2023-03-31 16:08:07,382 [INFO] UtilMem:75 - After build in PCC Used Memory: 371817960 Bytes (435159040)
2023-03-31 16:08:07,538 [INFO] IPUIPlugin:80 - create IPUIPlugin
2023-03-31 16:08:07,539 [INFO] IPUIPlugin:80 - create IPUIPlugin
2023-03-31 16:08:07,540 [INFO] IPUIPlugin:80 - create IPUIPlugin
2023-03-31 16:08:07,540 [INFO] IPUIPlugin:80 - create IPUIPlugin
2023-03-31 16:08:07,564 [INFO] IPUIPlugin:80 - create IPUIPlugin
2023-03-31 16:08:07,564 [INFO] IPUIPlugin:80 - create IPUIPlugin
2023-03-31 16:08:07,571 [INFO] IPUIPlugin:80 - create IPUIPlugin
2023-03-31 16:08:07,572 [INFO] IPUIPlugin:80 - create IPUIPlugin
2023-03-31 16:08:07,574 [INFO] IPUIPlugin:80 - create IPUIPlugin
2023-03-31 16:08:07,575 [INFO] IPUIPlugin:80 - create IPUIPlugin
2023-03-31 16:08:07,575 [INFO] IPUIPlugin:80 - create IPUIPlugin
2023-03-31 16:08:07,575 [INFO] IPUIPlugin:80 - create IPUIPlugin
2023-03-31 16:08:07,579 [INFO] IPUIPlugin:80 - create IPUIPlugin
2023-03-31 16:08:07,579 [INFO] IPUIPlugin:80 - create IPUIPlugin
2023-03-31 16:08:07,580 [INFO] IPUIPlugin:80 - create IPUIPlugin
2023-03-31 16:08:07,581 [INFO] IPUIPlugin:80 - create IPUIPlugin
2023-03-31 16:08:07,581 [INFO] IPUIPlugin:80 - create IPUIPlugin
2023-03-31 16:08:07,582 [INFO] IPUIPlugin:80 - create IPUIPlugin
2023-03-31 16:08:07,590 [INFO] IPUIPlugin:80 - create IPUIPlugin
2023-03-31 16:08:07,590 [INFO] IPUIPlugin:80 - create IPUIPlugin
2023-03-31 16:08:07,591 [INFO] IPUIPlugin:80 - create IPUIPlugin
2023-03-31 16:08:07,591 [INFO] IPUIPlugin:80 - create IPUIPlugin
2023-03-31 16:08:07,592 [INFO] IPUIPlugin:80 - create IPUIPlugin
2023-03-31 16:08:07,593 [INFO] IPUIPlugin:80 - create IPUIPlugin
2023-03-31 16:08:07,593 [INFO] IPUIPlugin:80 - create IPUIPlugin
2023-03-31 16:08:07,594 [INFO] IPUIPlugin:80 - create IPUIPlugin
2023-03-31 16:08:07,594 [INFO] IPUIPlugin:80 - create IPUIPlugin
2023-03-31 16:08:07,595 [INFO] IPUIPlugin:80 - create IPUIPlugin
2023-03-31 16:08:07,595 [INFO] IPUIPlugin:80 - create IPUIPlugin
2023-03-31 16:08:07,596 [INFO] IPUIPlugin:80 - create IPUIPlugin
2023-03-31 16:08:07,596 [INFO] IPUIPlugin:80 - create IPUIPlugin
2023-03-31 16:08:07,597 [INFO] IPUIPlugin:80 - create IPUIPlugin
2023-03-31 16:08:07,597 [INFO] IPUIPlugin:80 - create IPUIPlugin
2023-03-31 16:08:07,598 [INFO] IPUIPlugin:80 - create IPUIPlugin
2023-03-31 16:08:07,599 [INFO] IPUIPlugin:80 - create IPUIPlugin
2023-03-31 16:08:07,600 [INFO] IPUIPlugin:80 - create IPUIPlugin
2023-03-31 16:08:07,600 [INFO] IPUIPlugin:80 - create IPUIPlugin
2023-03-31 16:08:07,601 [INFO] IPUIPlugin:80 - create IPUIPlugin
2023-03-31 16:08:07,972 [INFO] ApiDbMcu:507 - Load IP Config File for PDM2PCM
2023-03-31 16:08:09,155 [INFO] CADModel:165 - CPN selected for project levelSTM32F401RET6
2023-03-31 16:08:09,155 [INFO] CADModel:114 - Register for checkConnection events
2023-03-31 16:08:09,305 [INFO] OpenFileManager:328 - Restore cursor
2023-03-31 16:08:40,536 [ERROR] LogOutputStream:75 - [STDERR_REDIRECT] Managed Build system manifest file error: Option com.atollic.truestudio.general.runtimelib.1917043576 uses a null category that is invalid in its context. The option was ignored.
2023-03-31 16:08:40,545 [ERROR] LogOutputStream:75 - [STDERR_REDIRECT] Managed Build system manifest file error: Option com.atollic.truestudio.toolchain_options.mcu.2092278506 uses a null category that is invalid in its context. The option was ignored.
2023-03-31 16:08:40,551 [ERROR] LogOutputStream:75 - [STDERR_REDIRECT] Managed Build system manifest file error: Option com.atollic.truestudio.toolchain_options.vendor.1238696358 uses a null category that is invalid in its context. The option was ignored.
2023-03-31 16:08:40,721 [ERROR] LogOutputStream:75 - [STDERR_REDIRECT] Managed Build system manifest file error: Option com.atollic.truestudio.general.runtimelib.50696504 uses a null category that is invalid in its context. The option was ignored.
2023-03-31 16:08:40,731 [ERROR] LogOutputStream:75 - [STDERR_REDIRECT] Managed Build system manifest file error: Option com.atollic.truestudio.toolchain_options.mcu.541591574 uses a null category that is invalid in its context. The option was ignored.
2023-03-31 16:08:40,739 [ERROR] LogOutputStream:75 - [STDERR_REDIRECT] Managed Build system manifest file error: Option com.atollic.truestudio.toolchain_options.vendor.1732552448 uses a null category that is invalid in its context. The option was ignored.
2023-03-31 16:08:41,206 [ERROR] LogOutputStream:75 - [STDERR_REDIRECT] Managed Build system manifest file error: Option com.atollic.truestudio.general.runtimelib.1917043576 uses a null category that is invalid in its context. The option was ignored.
2023-03-31 16:08:41,215 [ERROR] LogOutputStream:75 - [STDERR_REDIRECT] Managed Build system manifest file error: Option com.atollic.truestudio.toolchain_options.mcu.2092278506 uses a null category that is invalid in its context. The option was ignored.
2023-03-31 16:08:41,222 [ERROR] LogOutputStream:75 - [STDERR_REDIRECT] Managed Build system manifest file error: Option com.atollic.truestudio.toolchain_options.vendor.1238696358 uses a null category that is invalid in its context. The option was ignored.
2023-03-31 16:08:41,272 [ERROR] LogOutputStream:75 - [STDERR_REDIRECT] Managed Build system manifest file error: Option com.atollic.truestudio.general.runtimelib.50696504 uses a null category that is invalid in its context. The option was ignored.
2023-03-31 16:08:41,279 [ERROR] LogOutputStream:75 - [STDERR_REDIRECT] Managed Build system manifest file error: Option com.atollic.truestudio.toolchain_options.mcu.541591574 uses a null category that is invalid in its context. The option was ignored.
2023-03-31 16:08:41,289 [ERROR] LogOutputStream:75 - [STDERR_REDIRECT] Managed Build system manifest file error: Option com.atollic.truestudio.toolchain_options.vendor.1732552448 uses a null category that is invalid in its context. The option was ignored.
2023-03-31 16:08:49,619 [INFO] UtilMem:75 - End SaveConfig() Used Memory: 458307000 Bytes (537919488)
2023-03-31 16:08:51,248 [INFO] UtilMem:75 - End SaveConfig() Used Memory: 467763728 Bytes (537919488)
2023-03-31 16:08:52,579 [INFO] UtilMem:75 - End SaveConfig() Used Memory: 510575632 Bytes (537919488)
2023-03-31 16:08:55,370 [INFO] BlockDiagram:2759 - set Specific Code input for plugin: NVIC
2023-03-31 16:08:55,370 [INFO] BlockDiagram:2759 - set Specific Code input for plugin: TIM1_8
2023-03-31 16:08:55,371 [INFO] BlockDiagram:2759 - set Specific Code input for plugin: SYS
2023-03-31 16:08:55,371 [INFO] BlockDiagram:2759 - set Specific Code input for plugin: GPIO
2023-03-31 16:08:55,371 [INFO] BlockDiagram:2759 - set Specific Code input for plugin: ADC
2023-03-31 16:08:55,372 [INFO] BlockDiagram:2759 - set Specific Code input for plugin: RCC
2023-03-31 16:08:55,375 [INFO] CodeGenerator:793 - code generatio: config db path: C:\ST\STM32CubeIDE_1.11.2\STM32CubeIDE\plugins\com.st.stm32cube.common.mx_6.8.0.202302231600\\db\
2023-03-31 16:08:57,085 [INFO] CodeEngine:255 - oldGeneratedFile, C:\Users\gssan\OneDrive\Documentos\GitHub\STM32_ApliacionesAvanzadas\prueba3\MXTmpFiles\license.tmp_save
2023-03-31 16:08:58,613 [INFO] CodeEngine:279 - Generated code: C:\Users\gssan\OneDrive\Documentos\GitHub\STM32_ApliacionesAvanzadas\prueba3\MXTmpFiles\license.tmp
2023-03-31 16:08:59,275 [INFO] CodeEngine:255 - oldGeneratedFile, C:\Users\gssan\OneDrive\Documentos\GitHub\STM32_ApliacionesAvanzadas\prueba3\MXTmpFiles\gpio.tmp_save
2023-03-31 16:08:59,726 [INFO] CodeEngine:279 - Generated code: C:\Users\gssan\OneDrive\Documentos\GitHub\STM32_ApliacionesAvanzadas\prueba3\MXTmpFiles\gpio.tmp
2023-03-31 16:09:00,427 [INFO] CodeEngine:255 - oldGeneratedFile, C:\Users\gssan\OneDrive\Documentos\GitHub\STM32_ApliacionesAvanzadas\prueba3\Core\Src\stm32f4xx_it.c_save
2023-03-31 16:09:00,934 [INFO] CodeEngine:279 - Generated code: C:\Users\gssan\OneDrive\Documentos\GitHub\STM32_ApliacionesAvanzadas\prueba3\Core\Src\stm32f4xx_it.c
2023-03-31 16:09:00,971 [INFO] CodeEngine:255 - oldGeneratedFile, C:\Users\gssan\OneDrive\Documentos\GitHub\STM32_ApliacionesAvanzadas\prueba3\Core\Inc\stm32f4xx_it.h_save
2023-03-31 16:09:01,276 [INFO] CodeEngine:279 - Generated code: C:\Users\gssan\OneDrive\Documentos\GitHub\STM32_ApliacionesAvanzadas\prueba3\Core\Inc\stm32f4xx_it.h
2023-03-31 16:09:01,444 [INFO] CodeEngine:255 - oldGeneratedFile, C:\Users\gssan\OneDrive\Documentos\GitHub\STM32_ApliacionesAvanzadas\prueba3\Core\Src\stm32f4xx_hal_msp.c_save
2023-03-31 16:09:02,015 [INFO] CodeEngine:279 - Generated code: C:\Users\gssan\OneDrive\Documentos\GitHub\STM32_ApliacionesAvanzadas\prueba3\Core\Src\stm32f4xx_hal_msp.c
2023-03-31 16:09:02,052 [INFO] CodeEngine:255 - oldGeneratedFile, C:\Users\gssan\OneDrive\Documentos\GitHub\STM32_ApliacionesAvanzadas\prueba3\MXTmpFiles\system.tmp_save
2023-03-31 16:09:02,284 [INFO] CodeEngine:279 - Generated code: C:\Users\gssan\OneDrive\Documentos\GitHub\STM32_ApliacionesAvanzadas\prueba3\MXTmpFiles\system.tmp
2023-03-31 16:09:02,416 [INFO] CodeEngine:311 - oldGeneratedFile, C:\Users\gssan\OneDrive\Documentos\GitHub\STM32_ApliacionesAvanzadas\prueba3\Core\Inc\stm32f4xx_hal_conf.h_save
2023-03-31 16:09:02,712 [INFO] CodeEngine:335 - Generated code: C:\Users\gssan\OneDrive\Documentos\GitHub\STM32_ApliacionesAvanzadas\prueba3\Core\Inc\stm32f4xx_hal_conf.h
2023-03-31 16:09:02,859 [WARN] IPConfigManager:3431 - IP not found : TIM
2023-03-31 16:09:02,892 [WARN] CodeGenerator:3754 - IP not found : null
2023-03-31 16:09:02,932 [INFO] CodeEngine:255 - oldGeneratedFile, C:\Users\gssan\OneDrive\Documentos\GitHub\STM32_ApliacionesAvanzadas\prueba3\Core\Inc\main.h_save
2023-03-31 16:09:03,252 [INFO] CodeEngine:279 - Generated code: C:\Users\gssan\OneDrive\Documentos\GitHub\STM32_ApliacionesAvanzadas\prueba3\Core\Inc\main.h
2023-03-31 16:09:03,302 [INFO] CodeEngine:255 - oldGeneratedFile, C:\Users\gssan\OneDrive\Documentos\GitHub\STM32_ApliacionesAvanzadas\prueba3\Core\Src\main.c_save
2023-03-31 16:09:03,780 [INFO] CodeEngine:279 - Generated code: C:\Users\gssan\OneDrive\Documentos\GitHub\STM32_ApliacionesAvanzadas\prueba3\Core\Src\main.c
2023-03-31 16:09:12,577 [INFO] ProjectBuilder:2996 - Time for Copy HAL[1] : 6808mS.
2023-03-31 16:09:12,627 [INFO] ProjectBuilder:4304 - Project Generator version: 3.19.2
2023-03-31 16:09:13,731 [INFO] ConfigFileManager:1483 - The Die is : DIE433
2023-03-31 16:09:13,824 [INFO] ApiDbMcu:507 - Load IP Config File for FATFS
2023-03-31 16:09:13,903 [INFO] ApiDbMcu:507 - Load IP Config File for FREERTOS
2023-03-31 16:09:13,982 [INFO] ApiDbMcu:507 - Load IP Config File for LIBJPEG
2023-03-31 16:09:14,087 [INFO] ApiDbMcu:507 - Load IP Config File for MBEDTLS
2023-03-31 16:09:14,221 [INFO] ApiDbMcu:507 - Load IP Config File for USB_DEVICE
2023-03-31 16:09:14,294 [INFO] ApiDbMcu:507 - Load IP Config File for USB_HOST
2023-03-31 16:09:17,818 [INFO] LogOutputStream:77 - [STDOUT_REDIRECT] 
2023-03-31 16:09:26,060 [INFO] ProjectBuilder:4505 - Time for Generating toolchain IDE Files: 13432mS.
2023-03-31 16:09:26,063 [INFO] ProjectBuilder:2867 - Time for Copy CMSIS : 3mS.
2023-03-31 16:09:26,089 [INFO] ProjectBuilder:2867 - Time for Copy CMSIS : 0mS.
2023-03-31 16:09:28,015 [INFO] MainUpdater:2854 - connection check result : 10
2023-03-31 16:09:28,015 [INFO] MainUpdater:2854 - connection check result : 10
2023-03-31 16:09:28,053 [INFO] MicroXplorer:468 - Change Database Path : 
2023-03-31 16:09:28,054 [INFO] MicroXplorer:498 - Change Database Version : DB.6.0.80
2023-03-31 16:09:28,233 [WARN] ThirdParty:871 - waiting for thirdparty lock release [close project]
2023-03-31 16:09:28,235 [INFO] ThirdParty:873 - entering critical section [close project]
2023-03-31 16:09:28,235 [INFO] ThirdParty:883 - exiting critical section [close project]
2023-03-31 16:09:28,238 [INFO] PinOutPanel:1499 - setPackage(No Configuration,No Configuration)
2023-03-31 16:09:28,307 [WARN] IpParametersView:150 - Warning: This peripheral hasn't parameters
2023-03-31 16:09:28,640 [WARN] MainPanel:257 - <html><b><center>Warning: This peripheral has no parameters to be configured<br></b></html>
2023-03-31 16:09:28,680 [INFO] UtilMem:75 - Begin LoadConfig() Used Memory: 522432408 Bytes (773849088)
2023-03-31 16:09:30,429 [INFO] MicroXplorer:468 - Change Database Path : 
2023-03-31 16:09:30,429 [INFO] MicroXplorer:498 - Change Database Version : DB.6.0.80
2023-03-31 16:09:30,429 [INFO] OpenFileManager:308 - Change cursor
2023-03-31 16:09:30,505 [INFO] RulesReader:64 - Compatibility file has been processed (293 Rules)
2023-03-31 16:09:30,774 [INFO] RtosManager:555 - Registered RTOS mode: class=CMSIS, group=RTOS, mode=CMSIS_V1, owner=FREERTOS
2023-03-31 16:09:30,774 [INFO] RtosManager:555 - Registered RTOS mode: class=CMSIS, group=RTOS2, mode=CMSIS_V2, owner=FREERTOS
2023-03-31 16:09:30,775 [INFO] RtosManager:555 - Registered RTOS mode: class=RTOS, group=Core, mode=CMSIS_V1, owner=FREERTOS
2023-03-31 16:09:30,775 [INFO] RtosManager:555 - Registered RTOS mode: class=RTOS, group=Core, mode=CMSIS_V2, owner=FREERTOS
2023-03-31 16:09:30,775 [WARN] ModelIntegratedComponent:184 - Missing modes for component STMicroelectronics:FreeRTOS:0.0.1:STMicroelectronics:RTOS:FreeRTOS:Core:::10.2.0:
2023-03-31 16:09:30,798 [WARN] ModelIntegratedComponent:63 - No mode defined for component null
2023-03-31 16:09:30,798 [WARN] ModelIntegratedComponent:63 - No mode defined for component null
2023-03-31 16:09:30,799 [WARN] ModelIntegratedComponent:63 - No mode defined for component null
2023-03-31 16:09:30,799 [WARN] ModelIntegratedComponent:63 - No mode defined for component null
2023-03-31 16:09:30,799 [WARN] ModelIntegratedComponent:63 - No mode defined for component null
2023-03-31 16:09:30,799 [WARN] ModelIntegratedComponent:63 - No mode defined for component null
2023-03-31 16:09:30,799 [WARN] ModelIntegratedComponent:63 - No mode defined for component null
2023-03-31 16:09:30,799 [WARN] ModelIntegratedComponent:63 - No mode defined for component null
2023-03-31 16:09:30,800 [WARN] ModelIntegratedComponent:63 - No mode defined for component null
2023-03-31 16:09:30,800 [WARN] ModelIntegratedComponent:63 - No mode defined for component null
2023-03-31 16:09:30,800 [WARN] ModelIntegratedComponent:63 - No mode defined for component null
2023-03-31 16:09:30,800 [WARN] ModelIntegratedComponent:63 - No mode defined for component null
2023-03-31 16:09:30,800 [WARN] ModelIntegratedComponent:63 - No mode defined for component null
2023-03-31 16:09:30,800 [WARN] ModelIntegratedComponent:63 - No mode defined for component null
2023-03-31 16:09:30,800 [WARN] ModelIntegratedComponent:63 - No mode defined for component null
2023-03-31 16:09:30,801 [WARN] ModelIntegratedComponent:63 - No mode defined for component null
2023-03-31 16:09:30,801 [WARN] ModelIntegratedComponent:63 - No mode defined for component null
2023-03-31 16:09:30,801 [WARN] ModelIntegratedComponent:63 - No mode defined for component null
2023-03-31 16:09:30,801 [WARN] ModelIntegratedComponent:63 - No mode defined for component null
2023-03-31 16:09:30,801 [WARN] ModelIntegratedComponent:63 - No mode defined for component null
2023-03-31 16:09:30,801 [WARN] ModelIntegratedComponent:63 - No mode defined for component null
2023-03-31 16:09:30,801 [WARN] ModelIntegratedComponent:63 - No mode defined for component null
2023-03-31 16:09:30,801 [WARN] ModelIntegratedComponent:63 - No mode defined for component null
2023-03-31 16:09:30,801 [WARN] ModelIntegratedComponent:63 - No mode defined for component null
2023-03-31 16:09:30,802 [WARN] ModelIntegratedComponent:63 - No mode defined for component null
2023-03-31 16:09:30,802 [WARN] ModelIntegratedComponent:63 - No mode defined for component null
2023-03-31 16:09:30,802 [WARN] ModelIntegratedComponent:63 - No mode defined for component null
2023-03-31 16:09:30,802 [WARN] ModelIntegratedComponent:63 - No mode defined for component null
2023-03-31 16:09:30,802 [WARN] ModelIntegratedComponent:63 - No mode defined for component null
2023-03-31 16:09:30,802 [WARN] ModelIntegratedComponent:63 - No mode defined for component null
2023-03-31 16:09:30,802 [WARN] ModelIntegratedComponent:63 - No mode defined for component null
2023-03-31 16:09:30,803 [WARN] ModelIntegratedComponent:63 - No mode defined for component null
2023-03-31 16:09:30,803 [WARN] ModelIntegratedComponent:63 - No mode defined for component null
2023-03-31 16:09:31,015 [INFO] ThirdPartyModel:298 - Start build external matchings
2023-03-31 16:09:32,119 [INFO] ThirdPartyModel:316 - End build external matchings
2023-03-31 16:09:36,106 [INFO] OpenFileManager:328 - Restore cursor
2023-03-31 16:09:45,560 [INFO] MainUpdater:2854 - connection check result : 10
2023-03-31 16:09:45,561 [INFO] MainUpdater:2854 - connection check result : 10
2023-03-31 16:09:45,717 [INFO] MicroXplorer:468 - Change Database Path : 
2023-03-31 16:09:45,717 [INFO] MicroXplorer:498 - Change Database Version : DB.6.0.80
2023-03-31 16:09:45,858 [WARN] ThirdParty:871 - waiting for thirdparty lock release [close project]
2023-03-31 16:09:45,859 [INFO] ThirdParty:873 - entering critical section [close project]
2023-03-31 16:09:45,859 [INFO] ThirdParty:883 - exiting critical section [close project]
2023-03-31 16:09:45,861 [INFO] PinOutPanel:1499 - setPackage(No Configuration,No Configuration)
2023-03-31 16:09:45,862 [INFO] UtilMem:75 - Begin LoadConfig() Used Memory: 537340784 Bytes (773849088)
2023-03-31 16:09:50,820 [INFO] ServerAccessManage:473 - Download File stm32cube_db_v40261.zip
2023-03-31 16:09:53,243 [INFO] FileExtend:240 - Unzip File : stm32cube_db_v40261.zip
2023-03-31 16:09:53,244 [INFO] FileExtend:255 - Standard Zip Deflate
2023-03-31 16:10:17,433 [INFO] LoadServerPackagesThread:196 - End of LoadServerPackages Thread
2023-03-31 16:10:20,239 [INFO] CheckServerUpdateThread:120 - End of CheckServer Thread
2023-03-31 16:10:23,031 [INFO] ServerAccessManage:473 - Download File stm32cube_db_v40270.zip
2023-03-31 16:10:25,328 [INFO] FileExtend:240 - Unzip File : stm32cube_db_v40270.zip
2023-03-31 16:10:25,329 [INFO] FileExtend:255 - Standard Zip Deflate
2023-03-31 16:10:39,854 [INFO] ServerAccessManage:473 - Download File stm32cube_fw_f4_v1210.zip
2023-03-31 16:19:58,280 [ERROR] FileExtend:455 - File entry not found
2023-03-31 16:19:58,281 [INFO] FileExtend:240 - Unzip File : stm32cube_fw_f4_v1210.zip
2023-03-31 16:19:58,282 [INFO] FileExtend:255 - Standard Zip Deflate
2023-03-31 16:23:40,901 [INFO] LoadServerPackagesThread:196 - End of LoadServerPackages Thread
2023-03-31 16:23:41,607 [INFO] CheckServerUpdateThread:120 - End of CheckServer Thread
2023-03-31 16:23:44,925 [INFO] MicroXplorer:468 - Change Database Path : C:/Users/gssan/.stm32cubemx/databases/DB.4.0.261/db/
2023-03-31 16:23:44,925 [INFO] MicroXplorer:498 - Change Database Version : DB.4.0.261
2023-03-31 16:23:44,926 [INFO] OpenFileManager:308 - Change cursor
2023-03-31 16:23:45,213 [INFO] RtosManager:555 - Registered RTOS mode: class=CMSIS, group=RTOS, mode=CMSIS_V1, owner=FREERTOS
2023-03-31 16:23:45,214 [INFO] RtosManager:555 - Registered RTOS mode: class=CMSIS, group=RTOS2, mode=CMSIS_V2, owner=FREERTOS
2023-03-31 16:23:45,214 [INFO] RtosManager:555 - Registered RTOS mode: class=RTOS, group=Core, mode=CMSIS_V1, owner=FREERTOS
2023-03-31 16:23:45,214 [INFO] RtosManager:555 - Registered RTOS mode: class=RTOS, group=Core, mode=CMSIS_V2, owner=FREERTOS
2023-03-31 16:23:45,214 [WARN] ModelIntegratedComponent:184 - Missing modes for component STMicroelectronics:FreeRTOS:0.0.1:STMicroelectronics:RTOS:FreeRTOS:Core:::10.2.0:
2023-03-31 16:23:45,292 [WARN] ModelIntegratedComponent:63 - No mode defined for component null
2023-03-31 16:23:45,292 [WARN] ModelIntegratedComponent:63 - No mode defined for component null
2023-03-31 16:23:45,293 [WARN] ModelIntegratedComponent:63 - No mode defined for component null
2023-03-31 16:23:45,293 [WARN] ModelIntegratedComponent:63 - No mode defined for component null
2023-03-31 16:23:45,293 [WARN] ModelIntegratedComponent:63 - No mode defined for component null
2023-03-31 16:23:45,293 [WARN] ModelIntegratedComponent:63 - No mode defined for component null
2023-03-31 16:23:45,293 [WARN] ModelIntegratedComponent:63 - No mode defined for component null
2023-03-31 16:23:45,293 [WARN] ModelIntegratedComponent:63 - No mode defined for component null
2023-03-31 16:23:45,293 [WARN] ModelIntegratedComponent:63 - No mode defined for component null
2023-03-31 16:23:45,294 [WARN] ModelIntegratedComponent:63 - No mode defined for component null
2023-03-31 16:23:45,294 [WARN] ModelIntegratedComponent:63 - No mode defined for component null
2023-03-31 16:23:45,294 [WARN] ModelIntegratedComponent:63 - No mode defined for component null
2023-03-31 16:23:45,294 [WARN] ModelIntegratedComponent:63 - No mode defined for component null
2023-03-31 16:23:45,294 [WARN] ModelIntegratedComponent:63 - No mode defined for component null
2023-03-31 16:23:45,294 [WARN] ModelIntegratedComponent:63 - No mode defined for component null
2023-03-31 16:23:45,294 [WARN] ModelIntegratedComponent:63 - No mode defined for component null
2023-03-31 16:23:45,295 [WARN] ModelIntegratedComponent:63 - No mode defined for component null
2023-03-31 16:23:45,295 [WARN] ModelIntegratedComponent:63 - No mode defined for component null
2023-03-31 16:23:45,295 [WARN] ModelIntegratedComponent:63 - No mode defined for component null
2023-03-31 16:23:45,295 [WARN] ModelIntegratedComponent:63 - No mode defined for component null
2023-03-31 16:23:45,295 [WARN] ModelIntegratedComponent:63 - No mode defined for component null
2023-03-31 16:23:45,295 [WARN] ModelIntegratedComponent:63 - No mode defined for component null
2023-03-31 16:23:45,295 [WARN] ModelIntegratedComponent:63 - No mode defined for component null
2023-03-31 16:23:45,295 [WARN] ModelIntegratedComponent:63 - No mode defined for component null
2023-03-31 16:23:45,295 [WARN] ModelIntegratedComponent:63 - No mode defined for component null
2023-03-31 16:23:45,296 [WARN] ModelIntegratedComponent:63 - No mode defined for component null
2023-03-31 16:23:45,296 [WARN] ModelIntegratedComponent:63 - No mode defined for component null
2023-03-31 16:23:45,296 [WARN] ModelIntegratedComponent:63 - No mode defined for component null
2023-03-31 16:23:45,296 [WARN] ModelIntegratedComponent:63 - No mode defined for component null
2023-03-31 16:23:45,296 [WARN] ModelIntegratedComponent:63 - No mode defined for component null
2023-03-31 16:23:45,296 [WARN] ModelIntegratedComponent:63 - No mode defined for component null
2023-03-31 16:23:45,296 [WARN] ModelIntegratedComponent:63 - No mode defined for component null
2023-03-31 16:23:45,296 [WARN] ModelIntegratedComponent:63 - No mode defined for component null
2023-03-31 16:23:45,478 [INFO] ThirdPartyModel:298 - Start build external matchings
2023-03-31 16:23:46,255 [INFO] ThirdPartyModel:316 - End build external matchings
2023-03-31 18:43:10,079 [INFO] OpenFileManager:328 - Restore cursor
